# JRE version: Java(TM) SE Runtime Environment (8.0_181-b13) (build 1.8.0_181-b13)
# Java VM: Java HotSpot(TM) 64-Bit Server VM (25.181-b13 mixed mode windows-amd64 compressed oops)
Heap:
 PSYoungGen      total 89600K, used 73104K [0x00000000d5f00000, 0x00000000dc180000, 0x0000000100000000)
  eden space 80384K, 85% used [0x00000000d5f00000,0x00000000da253fb8,0x00000000dad80000)
  from space 9216K, 45% used [0x00000000db680000,0x00000000dba901d0,0x00000000dbf80000)
  to   space 9216K, 0% used [0x00000000dad80000,0x00000000dad80000,0x00000000db680000)
 ParOldGen       total 56320K, used 6375K [0x0000000081c00000, 0x0000000085300000, 0x00000000d5f00000)
  object space 56320K, 11% used [0x0000000081c00000,0x0000000082239cb0,0x0000000085300000)
 Metaspace       used 33496K, capacity 34808K, committed 34944K, reserved 1079296K
  class space    used 3994K, capacity 4360K, committed 4480K, reserved 1048576K
GC Heap History (10 events):
Event: 5.468 GC heap before
{Heap before GC invocations=5 (full 1):
 PSYoungGen      total 38400K, used 5104K [0x00000000d5f00000, 0x00000000daa00000, 0x0000000100000000)
  eden space 33280K, 0% used [0x00000000d5f00000,0x00000000d5f00000,0x00000000d7f80000)
  from space 5120K, 99% used [0x00000000d8480000,0x00000000d897c050,0x00000000d8980000)
  to   space 5120K, 0% used [0x00000000d7f80000,0x00000000d7f80000,0x00000000d8480000)
 ParOldGen       total 87552K, used 6120K [0x0000000081c00000, 0x0000000087180000, 0x00000000d5f00000)
  object space 87552K, 6% used [0x0000000081c00000,0x00000000821fa0e8,0x0000000087180000)
 Metaspace       used 20499K, capacity 21250K, committed 21296K, reserved 1069056K
  class space    used 2470K, capacity 2675K, committed 2688K, reserved 1048576K
Event: 5.519 GC heap after
Heap after GC invocations=5 (full 1):
 PSYoungGen      total 38400K, used 0K [0x00000000d5f00000, 0x00000000daa00000, 0x0000000100000000)
  eden space 33280K, 0% used [0x00000000d5f00000,0x00000000d5f00000,0x00000000d7f80000)
  from space 5120K, 0% used [0x00000000d8480000,0x00000000d8480000,0x00000000d8980000)
  to   space 5120K, 0% used [0x00000000d7f80000,0x00000000d7f80000,0x00000000d8480000)
 ParOldGen       total 56320K, used 6343K [0x0000000081c00000, 0x0000000085300000, 0x00000000d5f00000)
  object space 56320K, 11% used [0x0000000081c00000,0x0000000082231cb0,0x0000000085300000)
 Metaspace       used 20499K, capacity 21250K, committed 21296K, reserved 1069056K
  class space    used 2470K, capacity 2675K, committed 2688K, reserved 1048576K
}
Event: 21.471 GC heap before
{Heap before GC invocations=6 (full 1):
 PSYoungGen      total 38400K, used 33280K [0x00000000d5f00000, 0x00000000daa00000, 0x0000000100000000)
  eden space 33280K, 100% used [0x00000000d5f00000,0x00000000d7f80000,0x00000000d7f80000)
  from space 5120K, 0% used [0x00000000d8480000,0x00000000d8480000,0x00000000d8980000)
  to   space 5120K, 0% used [0x00000000d7f80000,0x00000000d7f80000,0x00000000d8480000)
 ParOldGen       total 56320K, used 6343K [0x0000000081c00000, 0x0000000085300000, 0x00000000d5f00000)
  object space 56320K, 11% used [0x0000000081c00000,0x0000000082231cb0,0x0000000085300000)
 Metaspace       used 25263K, capacity 26298K, committed 26496K, reserved 1073152K
  class space    used 3099K, capacity 3375K, committed 3456K, reserved 1048576K
Event: 21.477 GC heap after
Heap after GC invocations=6 (full 1):
 PSYoungGen      total 38400K, used 4182K [0x00000000d5f00000, 0x00000000da380000, 0x0000000100000000)
  eden space 33280K, 0% used [0x00000000d5f00000,0x00000000d5f00000,0x00000000d7f80000)
  from space 5120K, 81% used [0x00000000d7f80000,0x00000000d8395888,0x00000000d8480000)
  to   space 9216K, 0% used [0x00000000d9a80000,0x00000000d9a80000,0x00000000da380000)
 ParOldGen       total 56320K, used 6351K [0x0000000081c00000, 0x0000000085300000, 0x00000000d5f00000)
  object space 56320K, 11% used [0x0000000081c00000,0x0000000082233cb0,0x0000000085300000)
 Metaspace       used 25263K, capacity 26298K, committed 26496K, reserved 1073152K
  class space    used 3099K, capacity 3375K, committed 3456K, reserved 1048576K
}
Event: 22.954 GC heap before
{Heap before GC invocations=7 (full 1):
 PSYoungGen      total 38400K, used 37462K [0x00000000d5f00000, 0x00000000da380000, 0x0000000100000000)
  eden space 33280K, 100% used [0x00000000d5f00000,0x00000000d7f80000,0x00000000d7f80000)
  from space 5120K, 81% used [0x00000000d7f80000,0x00000000d8395888,0x00000000d8480000)
  to   space 9216K, 0% used [0x00000000d9a80000,0x00000000d9a80000,0x00000000da380000)
 ParOldGen       total 56320K, used 6351K [0x0000000081c00000, 0x0000000085300000, 0x00000000d5f00000)
  object space 56320K, 11% used [0x0000000081c00000,0x0000000082233cb0,0x0000000085300000)
 Metaspace       used 29834K, capacity 30980K, committed 31232K, reserved 1077248K
  class space    used 3700K, capacity 3998K, committed 4096K, reserved 1048576K
Event: 22.965 GC heap after
Heap after GC invocations=7 (full 1):
 PSYoungGen      total 59904K, used 6759K [0x00000000d5f00000, 0x00000000da300000, 0x0000000100000000)
  eden space 51200K, 0% used [0x00000000d5f00000,0x00000000d5f00000,0x00000000d9100000)
  from space 8704K, 77% used [0x00000000d9a80000,0x00000000da119c48,0x00000000da300000)
  to   space 9216K, 0% used [0x00000000d9100000,0x00000000d9100000,0x00000000d9a00000)
 ParOldGen       total 56320K, used 6359K [0x0000000081c00000, 0x0000000085300000, 0x00000000d5f00000)
  object space 56320K, 11% used [0x0000000081c00000,0x0000000082235cb0,0x0000000085300000)
 Metaspace       used 29834K, capacity 30980K, committed 31232K, reserved 1077248K
  class space    used 3700K, capacity 3998K, committed 4096K, reserved 1048576K
}
Event: 24.122 GC heap before
{Heap before GC invocations=8 (full 1):
 PSYoungGen      total 59904K, used 57959K [0x00000000d5f00000, 0x00000000da300000, 0x0000000100000000)
  eden space 51200K, 100% used [0x00000000d5f00000,0x00000000d9100000,0x00000000d9100000)
  from space 8704K, 77% used [0x00000000d9a80000,0x00000000da119c48,0x00000000da300000)
  to   space 9216K, 0% used [0x00000000d9100000,0x00000000d9100000,0x00000000d9a00000)
 ParOldGen       total 56320K, used 6359K [0x0000000081c00000, 0x0000000085300000, 0x00000000d5f00000)
  object space 56320K, 11% used [0x0000000081c00000,0x0000000082235cb0,0x0000000085300000)
 Metaspace       used 30761K, capacity 31960K, committed 32000K, reserved 1077248K
  class space    used 3759K, capacity 4078K, committed 4096K, reserved 1048576K
Event: 24.143 GC heap after
Heap after GC invocations=8 (full 1):
 PSYoungGen      total 60416K, used 4346K [0x00000000d5f00000, 0x00000000dbf80000, 0x0000000100000000)
  eden space 51200K, 0% used [0x00000000d5f00000,0x00000000d5f00000,0x00000000d9100000)
  from space 9216K, 47% used [0x00000000d9100000,0x00000000d953ea08,0x00000000d9a00000)
  to   space 9216K, 0% used [0x00000000db680000,0x00000000db680000,0x00000000dbf80000)
 ParOldGen       total 56320K, used 6367K [0x0000000081c00000, 0x0000000085300000, 0x00000000d5f00000)
  object space 56320K, 11% used [0x0000000081c00000,0x0000000082237cb0,0x0000000085300000)
 Metaspace       used 30761K, capacity 31960K, committed 32000K, reserved 1077248K
  class space    used 3759K, capacity 4078K, committed 4096K, reserved 1048576K
}
Event: 24.810 GC heap before
{Heap before GC invocations=9 (full 1):
 PSYoungGen      total 60416K, used 55546K [0x00000000d5f00000, 0x00000000dbf80000, 0x0000000100000000)
  eden space 51200K, 100% used [0x00000000d5f00000,0x00000000d9100000,0x00000000d9100000)
  from space 9216K, 47% used [0x00000000d9100000,0x00000000d953ea08,0x00000000d9a00000)
  to   space 9216K, 0% used [0x00000000db680000,0x00000000db680000,0x00000000dbf80000)
 ParOldGen       total 56320K, used 6367K [0x0000000081c00000, 0x0000000085300000, 0x00000000d5f00000)
  object space 56320K, 11% used [0x0000000081c00000,0x0000000082237cb0,0x0000000085300000)
 Metaspace       used 30931K, capacity 32094K, committed 32256K, reserved 1077248K
  class space    used 3762K, capacity 4079K, committed 4096K, reserved 1048576K
Event: 24.825 GC heap after
Heap after GC invocations=9 (full 1):
 PSYoungGen      total 89600K, used 4160K [0x00000000d5f00000, 0x00000000dc180000, 0x0000000100000000)
  eden space 80384K, 0% used [0x00000000d5f00000,0x00000000d5f00000,0x00000000dad80000)
  from space 9216K, 45% used [0x00000000db680000,0x00000000dba901d0,0x00000000dbf80000)
  to   space 9216K, 0% used [0x00000000dad80000,0x00000000dad80000,0x00000000db680000)
 ParOldGen       total 56320K, used 6375K [0x0000000081c00000, 0x0000000085300000, 0x00000000d5f00000)
  object space 56320K, 11% used [0x0000000081c00000,0x0000000082239cb0,0x0000000085300000)
 Metaspace       used 30931K, capacity 32094K, committed 32256K, reserved 1077248K
  class space    used 3762K, capacity 4079K, committed 4096K, reserved 1048576K
}

