<?xml version="1.0" encoding="UTF-8"?>
<!-- Generated by org.testng.reporters.JUnitXMLReporter -->
<testsuite hostname="LAPTOP-64JMFN9V" ignored="0" name="Default test" tests="8" failures="0" timestamp="2020-09-12T02:50:03 IST" time="311.214" errors="0">
  <testcase name="validateSubmitRequirementAsExchangeByRegisteringWithNewCar" time="29.642" classname="com.droom.automation.droomweb.droomweb_qa.SubmitRequirementTest"/>
  <testcase name="validateSubmitRequirementAsExchangeByRegisteringWithNewMotercycle_Bike" time="28.189" classname="com.droom.automation.droomweb.droomweb_qa.SubmitRequirementTest"/>
  <testcase name="validateSubmitRequirementAsExchangeByRegisteringWithNewScooter" time="23.867" classname="com.droom.automation.droomweb.droomweb_qa.SubmitRequirementTest"/>
  <testcase name="validateSubmitRequirementAsExchangeByRegisteringWithNewTaxi" time="28.729" classname="com.droom.automation.droomweb.droomweb_qa.SubmitRequirementTest"/>
  <testcase name="validateSubmitRequirementAsExchangeByRegisteringWithUsedCar" time="27.42" classname="com.droom.automation.droomweb.droomweb_qa.SubmitRequirementTest"/>
  <testcase name="validateSubmitRequirementAsExchangeByRegisteringWithUsedMotercycle_Bike" time="26.356" classname="com.droom.automation.droomweb.droomweb_qa.SubmitRequirementTest"/>
  <testcase name="validateSubmitRequirementAsExchangeByRegisteringWithUsedScooter" time="26.051" classname="com.droom.automation.droomweb.droomweb_qa.SubmitRequirementTest"/>
  <testcase name="validateSubmitRequirementAsExchangeByRegisteringWithUsedTaxi" time="25.221" classname="com.droom.automation.droomweb.droomweb_qa.SubmitRequirementTest"/>
</testsuite> <!-- Default test -->
