<?xml version="1.0" encoding="UTF-8"?>
<!-- Generated by org.testng.reporters.JUnitXMLReporter -->
<testsuite hostname="LAPTOP-64JMFN9V" ignored="0" name="DroomWebAutomationTest" tests="1" failures="1" timestamp="2020-08-10T21:06:48 IST" time="60.281" errors="0">
  <testcase name="buyGermShieldForAutomobileAsPremiumBike" time="36.671" classname="com.droom.automation.droomweb.BuyGermShieldServiceTest">
    <failure type="java.lang.AssertionError" message="did not expect to find [true] but found [false]">
      <![CDATA[java.lang.AssertionError: did not expect to find [true] but found [false]
at com.droom.automation.lib.SeleniumWrapper.verifyByContains(SeleniumWrapper.java:350)
at com.droom.automation.page.droomweb.GermShieldForAutomobilePage.germShieldValidationForPremiumBike(GermShieldForAutomobilePage.java:163)
at com.droom.automation.droomweb.BuyGermShieldServiceTest.buyGermShieldForAutomobileAsPremiumBike(BuyGermShieldServiceTest.java:106)
at java.util.ArrayList.forEach(ArrayList.java:1257)
... Removed 31 stack frames]]>
    </failure>
  </testcase> <!-- buyGermShieldForAutomobileAsPremiumBike -->
</testsuite> <!-- DroomWebAutomationTest -->
