<?xml version="1.0" encoding="UTF-8"?>
<!-- Generated by org.testng.reporters.JUnitXMLReporter -->
<testsuite hostname="LAPTOP-64JMFN9V" ignored="12" name="Test" tests="93" failures="20" timestamp="2020-09-10T11:20:40 IST" time="3616.42" errors="0">
  <testcase name="@BeforeMethod init" time="9.168" classname="com.droom.automation.lib.AbstractBaseTest">
    <failure type="org.openqa.selenium.WebDriverException" message="unknown error: failed to change window state to &amp;apos;normal&amp;apos;, current state is &amp;apos;maximized&amp;apos;
  (Session info: chrome=85.0.4183.83)
Build info: version: &amp;apos;3.141.59&amp;apos;, revision: &amp;apos;e82be7d358&amp;apos;, time: &amp;apos;2018-11-14T08:17:03&amp;apos;
System info: host: &amp;apos;LAPTOP-64JMFN9V&amp;apos;, ip: &amp;apos;192.168.0.103&amp;apos;, os.name: &amp;apos;Windows 10&amp;apos;, os.arch: &amp;apos;amd64&amp;apos;, os.version: &amp;apos;10.0&amp;apos;, java.version: &amp;apos;1.8.0_181&amp;apos;
Driver info: org.openqa.selenium.chrome.ChromeDriver
Capabilities {acceptInsecureCerts: false, browserName: chrome, browserVersion: 85.0.4183.83, chrome: {chromedriverVersion: 85.0.4183.87 (cd6713ebf92fa..., userDataDir: C:\Users\Honey\AppData\Loca...}, goog:chromeOptions: {debuggerAddress: localhost:61168}, javascriptEnabled: true, networkConnectionEnabled: false, pageLoadStrategy: normal, platform: WINDOWS, platformName: WINDOWS, proxy: Proxy(), setWindowRect: true, strictFileInteractability: false, timeouts: {implicit: 0, pageLoad: 300000, script: 30000}, unhandledPromptBehavior: dismiss and notify, webauthn:virtualAuthenticators: true}
Session ID: abcbdaba1a67f730f987653783a30f7d">
      <![CDATA[org.openqa.selenium.WebDriverException: unknown error: failed to change window state to 'normal', current state is 'maximized'
  (Session info: chrome=85.0.4183.83)
Build info: version: '3.141.59', revision: 'e82be7d358', time: '2018-11-14T08:17:03'
System info: host: 'LAPTOP-64JMFN9V', ip: '192.168.0.103', os.name: 'Windows 10', os.arch: 'amd64', os.version: '10.0', java.version: '1.8.0_181'
Driver info: org.openqa.selenium.chrome.ChromeDriver
Capabilities {acceptInsecureCerts: false, browserName: chrome, browserVersion: 85.0.4183.83, chrome: {chromedriverVersion: 85.0.4183.87 (cd6713ebf92fa..., userDataDir: C:\Users\Honey\AppData\Loca...}, goog:chromeOptions: {debuggerAddress: localhost:61168}, javascriptEnabled: true, networkConnectionEnabled: false, pageLoadStrategy: normal, platform: WINDOWS, platformName: WINDOWS, proxy: Proxy(), setWindowRect: true, strictFileInteractability: false, timeouts: {implicit: 0, pageLoad: 300000, script: 30000}, unhandledPromptBehavior: dismiss and notify, webauthn:virtualAuthenticators: true}
Session ID: abcbdaba1a67f730f987653783a30f7d
at org.openqa.selenium.remote.http.W3CHttpResponseCodec.createException(W3CHttpResponseCodec.java:187)
at org.openqa.selenium.remote.http.W3CHttpResponseCodec.decode(W3CHttpResponseCodec.java:122)
at org.openqa.selenium.remote.http.W3CHttpResponseCodec.decode(W3CHttpResponseCodec.java:49)
at org.openqa.selenium.remote.HttpCommandExecutor.execute(HttpCommandExecutor.java:158)
at org.openqa.selenium.remote.service.DriverCommandExecutor.execute(DriverCommandExecutor.java:83)
at org.openqa.selenium.remote.RemoteWebDriver.execute(RemoteWebDriver.java:552)
at org.openqa.selenium.remote.RemoteWebDriver.execute(RemoteWebDriver.java:609)
at org.openqa.selenium.remote.RemoteWebDriver$RemoteWebDriverOptions$RemoteWindow.maximize(RemoteWebDriver.java:837)
at com.droom.automation.lib.AbstractBaseTest.init(AbstractBaseTest.java:37)
at java.util.ArrayList.forEach(ArrayList.java:1257)
... Removed 34 stack frames]]>
    </failure>
  </testcase> <!-- @BeforeMethod init -->
  <testcase name="@BeforeMethod init" time="5.252" classname="com.droom.automation.lib.AbstractBaseTest">
    <failure type="java.lang.NullPointerException">
      <![CDATA[java.lang.NullPointerException
at com.droom.automation.lib.WebDriverFactory.startDriver(WebDriverFactory.java:61)
at com.droom.automation.lib.AbstractBaseTest.init(AbstractBaseTest.java:35)
at java.util.ArrayList.forEach(ArrayList.java:1257)
... Removed 30 stack frames]]>
    </failure>
  </testcase> <!-- @BeforeMethod init -->
  <testcase name="@BeforeMethod init" time="5.279" classname="com.droom.automation.lib.AbstractBaseTest">
    <failure type="java.lang.NullPointerException">
      <![CDATA[java.lang.NullPointerException
at com.droom.automation.lib.WebDriverFactory.startDriver(WebDriverFactory.java:61)
at com.droom.automation.lib.AbstractBaseTest.init(AbstractBaseTest.java:35)
at java.util.ArrayList.forEach(ArrayList.java:1257)
... Removed 30 stack frames]]>
    </failure>
  </testcase> <!-- @BeforeMethod init -->
  <testcase name="@BeforeMethod init" time="5.325" classname="com.droom.automation.lib.AbstractBaseTest">
    <failure type="java.lang.NullPointerException">
      <![CDATA[java.lang.NullPointerException
at com.droom.automation.lib.WebDriverFactory.startDriver(WebDriverFactory.java:61)
at com.droom.automation.lib.AbstractBaseTest.init(AbstractBaseTest.java:35)
at java.util.ArrayList.forEach(ArrayList.java:1257)
... Removed 30 stack frames]]>
    </failure>
  </testcase> <!-- @BeforeMethod init -->
  <testcase name="@BeforeMethod init" time="10.497" classname="com.droom.automation.lib.AbstractBaseTest">
    <failure type="org.openqa.selenium.WebDriverException" message="unknown error: failed to change window state to &amp;apos;normal&amp;apos;, current state is &amp;apos;maximized&amp;apos;
  (Session info: chrome=85.0.4183.83)
Build info: version: &amp;apos;3.141.59&amp;apos;, revision: &amp;apos;e82be7d358&amp;apos;, time: &amp;apos;2018-11-14T08:17:03&amp;apos;
System info: host: &amp;apos;LAPTOP-64JMFN9V&amp;apos;, ip: &amp;apos;192.168.0.103&amp;apos;, os.name: &amp;apos;Windows 10&amp;apos;, os.arch: &amp;apos;amd64&amp;apos;, os.version: &amp;apos;10.0&amp;apos;, java.version: &amp;apos;1.8.0_181&amp;apos;
Driver info: org.openqa.selenium.chrome.ChromeDriver
Capabilities {acceptInsecureCerts: false, browserName: chrome, browserVersion: 85.0.4183.83, chrome: {chromedriverVersion: 85.0.4183.87 (cd6713ebf92fa..., userDataDir: C:\Users\Honey\AppData\Loca...}, goog:chromeOptions: {debuggerAddress: localhost:61543}, javascriptEnabled: true, networkConnectionEnabled: false, pageLoadStrategy: normal, platform: WINDOWS, platformName: WINDOWS, proxy: Proxy(), setWindowRect: true, strictFileInteractability: false, timeouts: {implicit: 0, pageLoad: 300000, script: 30000}, unhandledPromptBehavior: dismiss and notify, webauthn:virtualAuthenticators: true}
Session ID: b930113378493a3f7cb32d9ca46a8968">
      <![CDATA[org.openqa.selenium.WebDriverException: unknown error: failed to change window state to 'normal', current state is 'maximized'
  (Session info: chrome=85.0.4183.83)
Build info: version: '3.141.59', revision: 'e82be7d358', time: '2018-11-14T08:17:03'
System info: host: 'LAPTOP-64JMFN9V', ip: '192.168.0.103', os.name: 'Windows 10', os.arch: 'amd64', os.version: '10.0', java.version: '1.8.0_181'
Driver info: org.openqa.selenium.chrome.ChromeDriver
Capabilities {acceptInsecureCerts: false, browserName: chrome, browserVersion: 85.0.4183.83, chrome: {chromedriverVersion: 85.0.4183.87 (cd6713ebf92fa..., userDataDir: C:\Users\Honey\AppData\Loca...}, goog:chromeOptions: {debuggerAddress: localhost:61543}, javascriptEnabled: true, networkConnectionEnabled: false, pageLoadStrategy: normal, platform: WINDOWS, platformName: WINDOWS, proxy: Proxy(), setWindowRect: true, strictFileInteractability: false, timeouts: {implicit: 0, pageLoad: 300000, script: 30000}, unhandledPromptBehavior: dismiss and notify, webauthn:virtualAuthenticators: true}
Session ID: b930113378493a3f7cb32d9ca46a8968
at org.openqa.selenium.remote.http.W3CHttpResponseCodec.createException(W3CHttpResponseCodec.java:187)
at org.openqa.selenium.remote.http.W3CHttpResponseCodec.decode(W3CHttpResponseCodec.java:122)
at org.openqa.selenium.remote.http.W3CHttpResponseCodec.decode(W3CHttpResponseCodec.java:49)
at org.openqa.selenium.remote.HttpCommandExecutor.execute(HttpCommandExecutor.java:158)
at org.openqa.selenium.remote.service.DriverCommandExecutor.execute(DriverCommandExecutor.java:83)
at org.openqa.selenium.remote.RemoteWebDriver.execute(RemoteWebDriver.java:552)
at org.openqa.selenium.remote.RemoteWebDriver.execute(RemoteWebDriver.java:609)
at org.openqa.selenium.remote.RemoteWebDriver$RemoteWebDriverOptions$RemoteWindow.maximize(RemoteWebDriver.java:837)
at com.droom.automation.lib.AbstractBaseTest.init(AbstractBaseTest.java:37)
at java.util.ArrayList.forEach(ArrayList.java:1257)
... Removed 34 stack frames]]>
    </failure>
  </testcase> <!-- @BeforeMethod init -->
  <testcase name="@BeforeMethod init" time="5.253" classname="com.droom.automation.lib.AbstractBaseTest">
    <failure type="java.lang.NullPointerException">
      <![CDATA[java.lang.NullPointerException
at com.droom.automation.lib.WebDriverFactory.startDriver(WebDriverFactory.java:61)
at com.droom.automation.lib.AbstractBaseTest.init(AbstractBaseTest.java:35)
at java.util.ArrayList.forEach(ArrayList.java:1257)
... Removed 30 stack frames]]>
    </failure>
  </testcase> <!-- @BeforeMethod init -->
  <testcase name="@BeforeMethod init" time="5.247" classname="com.droom.automation.lib.AbstractBaseTest">
    <failure type="java.lang.NullPointerException">
      <![CDATA[java.lang.NullPointerException
at com.droom.automation.lib.WebDriverFactory.startDriver(WebDriverFactory.java:61)
at com.droom.automation.lib.AbstractBaseTest.init(AbstractBaseTest.java:35)
at java.util.ArrayList.forEach(ArrayList.java:1257)
... Removed 30 stack frames]]>
    </failure>
  </testcase> <!-- @BeforeMethod init -->
  <testcase name="@BeforeMethod init" time="5.259" classname="com.droom.automation.lib.AbstractBaseTest">
    <failure type="java.lang.NullPointerException">
      <![CDATA[java.lang.NullPointerException
at com.droom.automation.lib.WebDriverFactory.startDriver(WebDriverFactory.java:61)
at com.droom.automation.lib.AbstractBaseTest.init(AbstractBaseTest.java:35)
at java.util.ArrayList.forEach(ArrayList.java:1257)
... Removed 30 stack frames]]>
    </failure>
  </testcase> <!-- @BeforeMethod init -->
  <testcase name="loginAsIndividualUserViaPassword" time="7.787" classname="com.droom.automation.droomweb.droomweb_prod.UserLoginTest"/>
  <testcase name="inValidIDloginAsIndividualUserViaPassword" time="34.66" classname="com.droom.automation.droomweb.droomweb_prod.UserLoginTest">
    <failure type="org.openqa.selenium.NoSuchElementException" message="no such element: Unable to locate element: {&amp;quot;method&amp;quot;:&amp;quot;xpath&amp;quot;,&amp;quot;selector&amp;quot;:&amp;quot;//div[text()=&amp;apos;Incorrect Email or Password&amp;apos;]&amp;quot;}
  (Session info: chrome=85.0.4183.83)
For documentation on this error, please visit: https://www.seleniumhq.org/exceptions/no_such_element.html
Build info: version: &amp;apos;3.141.59&amp;apos;, revision: &amp;apos;e82be7d358&amp;apos;, time: &amp;apos;2018-11-14T08:17:03&amp;apos;
System info: host: &amp;apos;LAPTOP-64JMFN9V&amp;apos;, ip: &amp;apos;192.168.0.103&amp;apos;, os.name: &amp;apos;Windows 10&amp;apos;, os.arch: &amp;apos;amd64&amp;apos;, os.version: &amp;apos;10.0&amp;apos;, java.version: &amp;apos;1.8.0_181&amp;apos;
Driver info: org.openqa.selenium.chrome.ChromeDriver
Capabilities {acceptInsecureCerts: false, browserName: chrome, browserVersion: 85.0.4183.83, chrome: {chromedriverVersion: 85.0.4183.87 (cd6713ebf92fa..., userDataDir: C:\Users\Honey\AppData\Loca...}, goog:chromeOptions: {debuggerAddress: localhost:55844}, javascriptEnabled: true, networkConnectionEnabled: false, pageLoadStrategy: normal, platform: WINDOWS, platformName: WINDOWS, proxy: Proxy(), setWindowRect: true, strictFileInteractability: false, timeouts: {implicit: 0, pageLoad: 300000, script: 30000}, unhandledPromptBehavior: dismiss and notify, webauthn:virtualAuthenticators: true}
Session ID: 7882436a4611fb92d5e2de625987232b
*** Element info: {Using=xpath, value=//div[text()=&amp;apos;Incorrect Email or Password&amp;apos;]}">
      <![CDATA[org.openqa.selenium.NoSuchElementException: no such element: Unable to locate element: {"method":"xpath","selector":"//div[text()='Incorrect Email or Password']"}
  (Session info: chrome=85.0.4183.83)
For documentation on this error, please visit: https://www.seleniumhq.org/exceptions/no_such_element.html
Build info: version: '3.141.59', revision: 'e82be7d358', time: '2018-11-14T08:17:03'
System info: host: 'LAPTOP-64JMFN9V', ip: '192.168.0.103', os.name: 'Windows 10', os.arch: 'amd64', os.version: '10.0', java.version: '1.8.0_181'
Driver info: org.openqa.selenium.chrome.ChromeDriver
Capabilities {acceptInsecureCerts: false, browserName: chrome, browserVersion: 85.0.4183.83, chrome: {chromedriverVersion: 85.0.4183.87 (cd6713ebf92fa..., userDataDir: C:\Users\Honey\AppData\Loca...}, goog:chromeOptions: {debuggerAddress: localhost:55844}, javascriptEnabled: true, networkConnectionEnabled: false, pageLoadStrategy: normal, platform: WINDOWS, platformName: WINDOWS, proxy: Proxy(), setWindowRect: true, strictFileInteractability: false, timeouts: {implicit: 0, pageLoad: 300000, script: 30000}, unhandledPromptBehavior: dismiss and notify, webauthn:virtualAuthenticators: true}
Session ID: 7882436a4611fb92d5e2de625987232b
*** Element info: {Using=xpath, value=//div[text()='Incorrect Email or Password']}
at org.openqa.selenium.remote.http.W3CHttpResponseCodec.createException(W3CHttpResponseCodec.java:187)
at org.openqa.selenium.remote.http.W3CHttpResponseCodec.decode(W3CHttpResponseCodec.java:122)
at org.openqa.selenium.remote.http.W3CHttpResponseCodec.decode(W3CHttpResponseCodec.java:49)
at org.openqa.selenium.remote.HttpCommandExecutor.execute(HttpCommandExecutor.java:158)
at org.openqa.selenium.remote.service.DriverCommandExecutor.execute(DriverCommandExecutor.java:83)
at org.openqa.selenium.remote.RemoteWebDriver.execute(RemoteWebDriver.java:552)
at org.openqa.selenium.remote.RemoteWebDriver.findElement(RemoteWebDriver.java:323)
at org.openqa.selenium.remote.RemoteWebDriver.findElementByXPath(RemoteWebDriver.java:428)
at org.openqa.selenium.By$ByXPath.findElement(By.java:353)
at org.openqa.selenium.remote.RemoteWebDriver.findElement(RemoteWebDriver.java:315)
at com.droom.automation.lib.SeleniumWrapper.verifyByText(SeleniumWrapper.java:341)
at com.droom.automation.page.droomweb.LoginPage.invalidLoginValidation(LoginPage.java:90)
at com.droom.automation.droomweb.droomweb_prod.UserLoginTest.inValidIDloginAsIndividualUserViaPassword(UserLoginTest.java:38)
at java.util.ArrayList.forEach(ArrayList.java:1257)
... Removed 31 stack frames]]>
    </failure>
  </testcase> <!-- inValidIDloginAsIndividualUserViaPassword -->
  <testcase name="inValidPasswordloginAsIndividualUserViaPassword" time="35.43" classname="com.droom.automation.droomweb.droomweb_prod.UserLoginTest">
    <failure type="org.openqa.selenium.NoSuchElementException" message="no such element: Unable to locate element: {&amp;quot;method&amp;quot;:&amp;quot;xpath&amp;quot;,&amp;quot;selector&amp;quot;:&amp;quot;//div[text()=&amp;apos;Incorrect Email or Password&amp;apos;]&amp;quot;}
  (Session info: chrome=85.0.4183.83)
For documentation on this error, please visit: https://www.seleniumhq.org/exceptions/no_such_element.html
Build info: version: &amp;apos;3.141.59&amp;apos;, revision: &amp;apos;e82be7d358&amp;apos;, time: &amp;apos;2018-11-14T08:17:03&amp;apos;
System info: host: &amp;apos;LAPTOP-64JMFN9V&amp;apos;, ip: &amp;apos;192.168.0.103&amp;apos;, os.name: &amp;apos;Windows 10&amp;apos;, os.arch: &amp;apos;amd64&amp;apos;, os.version: &amp;apos;10.0&amp;apos;, java.version: &amp;apos;1.8.0_181&amp;apos;
Driver info: org.openqa.selenium.chrome.ChromeDriver
Capabilities {acceptInsecureCerts: false, browserName: chrome, browserVersion: 85.0.4183.83, chrome: {chromedriverVersion: 85.0.4183.87 (cd6713ebf92fa..., userDataDir: C:\Users\Honey\AppData\Loca...}, goog:chromeOptions: {debuggerAddress: localhost:55918}, javascriptEnabled: true, networkConnectionEnabled: false, pageLoadStrategy: normal, platform: WINDOWS, platformName: WINDOWS, proxy: Proxy(), setWindowRect: true, strictFileInteractability: false, timeouts: {implicit: 0, pageLoad: 300000, script: 30000}, unhandledPromptBehavior: dismiss and notify, webauthn:virtualAuthenticators: true}
Session ID: 181993db3ab9fe538401f2b12817db14
*** Element info: {Using=xpath, value=//div[text()=&amp;apos;Incorrect Email or Password&amp;apos;]}">
      <![CDATA[org.openqa.selenium.NoSuchElementException: no such element: Unable to locate element: {"method":"xpath","selector":"//div[text()='Incorrect Email or Password']"}
  (Session info: chrome=85.0.4183.83)
For documentation on this error, please visit: https://www.seleniumhq.org/exceptions/no_such_element.html
Build info: version: '3.141.59', revision: 'e82be7d358', time: '2018-11-14T08:17:03'
System info: host: 'LAPTOP-64JMFN9V', ip: '192.168.0.103', os.name: 'Windows 10', os.arch: 'amd64', os.version: '10.0', java.version: '1.8.0_181'
Driver info: org.openqa.selenium.chrome.ChromeDriver
Capabilities {acceptInsecureCerts: false, browserName: chrome, browserVersion: 85.0.4183.83, chrome: {chromedriverVersion: 85.0.4183.87 (cd6713ebf92fa..., userDataDir: C:\Users\Honey\AppData\Loca...}, goog:chromeOptions: {debuggerAddress: localhost:55918}, javascriptEnabled: true, networkConnectionEnabled: false, pageLoadStrategy: normal, platform: WINDOWS, platformName: WINDOWS, proxy: Proxy(), setWindowRect: true, strictFileInteractability: false, timeouts: {implicit: 0, pageLoad: 300000, script: 30000}, unhandledPromptBehavior: dismiss and notify, webauthn:virtualAuthenticators: true}
Session ID: 181993db3ab9fe538401f2b12817db14
*** Element info: {Using=xpath, value=//div[text()='Incorrect Email or Password']}
at org.openqa.selenium.remote.http.W3CHttpResponseCodec.createException(W3CHttpResponseCodec.java:187)
at org.openqa.selenium.remote.http.W3CHttpResponseCodec.decode(W3CHttpResponseCodec.java:122)
at org.openqa.selenium.remote.http.W3CHttpResponseCodec.decode(W3CHttpResponseCodec.java:49)
at org.openqa.selenium.remote.HttpCommandExecutor.execute(HttpCommandExecutor.java:158)
at org.openqa.selenium.remote.service.DriverCommandExecutor.execute(DriverCommandExecutor.java:83)
at org.openqa.selenium.remote.RemoteWebDriver.execute(RemoteWebDriver.java:552)
at org.openqa.selenium.remote.RemoteWebDriver.findElement(RemoteWebDriver.java:323)
at org.openqa.selenium.remote.RemoteWebDriver.findElementByXPath(RemoteWebDriver.java:428)
at org.openqa.selenium.By$ByXPath.findElement(By.java:353)
at org.openqa.selenium.remote.RemoteWebDriver.findElement(RemoteWebDriver.java:315)
at com.droom.automation.lib.SeleniumWrapper.verifyByText(SeleniumWrapper.java:341)
at com.droom.automation.page.droomweb.LoginPage.invalidLoginValidation(LoginPage.java:90)
at com.droom.automation.droomweb.droomweb_prod.UserLoginTest.inValidPasswordloginAsIndividualUserViaPassword(UserLoginTest.java:47)
at java.util.ArrayList.forEach(ArrayList.java:1257)
... Removed 31 stack frames]]>
    </failure>
  </testcase> <!-- inValidPasswordloginAsIndividualUserViaPassword -->
  <testcase name="loginAsProSellerViaPassword" time="66.417" classname="com.droom.automation.droomweb.droomweb_prod.UserLoginTest">
    <failure type="org.openqa.selenium.TimeoutException" message="Expected condition failed: waiting for presence of element located by: By.xpath: //a[@id=&amp;apos;close-welcome-modal&amp;apos;] (tried for 60 second(s) with 500 milliseconds interval)">
      <![CDATA[org.openqa.selenium.TimeoutException: Expected condition failed: waiting for presence of element located by: By.xpath: //a[@id='close-welcome-modal'] (tried for 60 second(s) with 500 milliseconds interval)
at org.openqa.selenium.support.ui.WebDriverWait.timeoutException(WebDriverWait.java:95)
at org.openqa.selenium.support.ui.FluentWait.until(FluentWait.java:272)
at com.droom.automation.lib.SeleniumWrapper.findElement(SeleniumWrapper.java:88)
at com.droom.automation.lib.SeleniumWrapper.executeClickOnElement(SeleniumWrapper.java:283)
at com.droom.automation.page.droomweb.LoginPage.loginValidationForProSellerAccount(LoginPage.java:136)
at com.droom.automation.droomweb.droomweb_prod.UserLoginTest.loginAsProSellerViaPassword(UserLoginTest.java:74)
at java.util.ArrayList.forEach(ArrayList.java:1257)
Caused by: org.openqa.selenium.NoSuchElementException: no such element: Unable to locate element: {"method":"xpath","selector":"//a[@id='close-welcome-modal']"}
  (Session info: chrome=85.0.4183.83)
For documentation on this error, please visit: https://www.seleniumhq.org/exceptions/no_such_element.html
Build info: version: '3.141.59', revision: 'e82be7d358', time: '2018-11-14T08:17:03'
System info: host: 'LAPTOP-64JMFN9V', ip: '192.168.0.103', os.name: 'Windows 10', os.arch: 'amd64', os.version: '10.0', java.version: '1.8.0_181'
Driver info: org.openqa.selenium.chrome.ChromeDriver
Capabilities {acceptInsecureCerts: false, browserName: chrome, browserVersion: 85.0.4183.83, chrome: {chromedriverVersion: 85.0.4183.87 (cd6713ebf92fa..., userDataDir: C:\Users\Honey\AppData\Loca...}, goog:chromeOptions: {debuggerAddress: localhost:55985}, javascriptEnabled: true, networkConnectionEnabled: false, pageLoadStrategy: normal, platform: WINDOWS, platformName: WINDOWS, proxy: Proxy(), setWindowRect: true, strictFileInteractability: false, timeouts: {implicit: 0, pageLoad: 300000, script: 30000}, unhandledPromptBehavior: dismiss and notify, webauthn:virtualAuthenticators: true}
Session ID: 11f870243f89f4ff538c559d9bca0aee
*** Element info: {Using=xpath, value=//a[@id='close-welcome-modal']}
at org.openqa.selenium.remote.http.W3CHttpResponseCodec.createException(W3CHttpResponseCodec.java:187)
at org.openqa.selenium.remote.http.W3CHttpResponseCodec.decode(W3CHttpResponseCodec.java:122)
at org.openqa.selenium.remote.http.W3CHttpResponseCodec.decode(W3CHttpResponseCodec.java:49)
at org.openqa.selenium.remote.HttpCommandExecutor.execute(HttpCommandExecutor.java:158)
at org.openqa.selenium.remote.service.DriverCommandExecutor.execute(DriverCommandExecutor.java:83)
at org.openqa.selenium.remote.RemoteWebDriver.execute(RemoteWebDriver.java:552)
at org.openqa.selenium.remote.RemoteWebDriver.findElement(RemoteWebDriver.java:323)
at org.openqa.selenium.remote.RemoteWebDriver.findElementByXPath(RemoteWebDriver.java:428)
at org.openqa.selenium.By$ByXPath.findElement(By.java:353)
at org.openqa.selenium.remote.RemoteWebDriver.findElement(RemoteWebDriver.java:315)
at org.openqa.selenium.support.ui.ExpectedConditions$6.apply(ExpectedConditions.java:182)
at org.openqa.selenium.support.ui.ExpectedConditions$6.apply(ExpectedConditions.java:179)
at org.openqa.selenium.support.ui.FluentWait.until(FluentWait.java:249)
... 32 more
... Removed 31 stack frames]]>
    </failure>
  </testcase> <!-- loginAsProSellerViaPassword -->
  <testcase name="inValidLoginIDAsProSellerViaPassword" time="35.322" classname="com.droom.automation.droomweb.droomweb_prod.UserLoginTest">
    <failure type="org.openqa.selenium.NoSuchElementException" message="no such element: Unable to locate element: {&amp;quot;method&amp;quot;:&amp;quot;xpath&amp;quot;,&amp;quot;selector&amp;quot;:&amp;quot;//div[text()=&amp;apos;Incorrect Email or Password&amp;apos;]&amp;quot;}
  (Session info: chrome=85.0.4183.83)
For documentation on this error, please visit: https://www.seleniumhq.org/exceptions/no_such_element.html
Build info: version: &amp;apos;3.141.59&amp;apos;, revision: &amp;apos;e82be7d358&amp;apos;, time: &amp;apos;2018-11-14T08:17:03&amp;apos;
System info: host: &amp;apos;LAPTOP-64JMFN9V&amp;apos;, ip: &amp;apos;192.168.0.103&amp;apos;, os.name: &amp;apos;Windows 10&amp;apos;, os.arch: &amp;apos;amd64&amp;apos;, os.version: &amp;apos;10.0&amp;apos;, java.version: &amp;apos;1.8.0_181&amp;apos;
Driver info: org.openqa.selenium.chrome.ChromeDriver
Capabilities {acceptInsecureCerts: false, browserName: chrome, browserVersion: 85.0.4183.83, chrome: {chromedriverVersion: 85.0.4183.87 (cd6713ebf92fa..., userDataDir: C:\Users\Honey\AppData\Loca...}, goog:chromeOptions: {debuggerAddress: localhost:56079}, javascriptEnabled: true, networkConnectionEnabled: false, pageLoadStrategy: normal, platform: WINDOWS, platformName: WINDOWS, proxy: Proxy(), setWindowRect: true, strictFileInteractability: false, timeouts: {implicit: 0, pageLoad: 300000, script: 30000}, unhandledPromptBehavior: dismiss and notify, webauthn:virtualAuthenticators: true}
Session ID: a676fcefd3faa384005084e50499f370
*** Element info: {Using=xpath, value=//div[text()=&amp;apos;Incorrect Email or Password&amp;apos;]}">
      <![CDATA[org.openqa.selenium.NoSuchElementException: no such element: Unable to locate element: {"method":"xpath","selector":"//div[text()='Incorrect Email or Password']"}
  (Session info: chrome=85.0.4183.83)
For documentation on this error, please visit: https://www.seleniumhq.org/exceptions/no_such_element.html
Build info: version: '3.141.59', revision: 'e82be7d358', time: '2018-11-14T08:17:03'
System info: host: 'LAPTOP-64JMFN9V', ip: '192.168.0.103', os.name: 'Windows 10', os.arch: 'amd64', os.version: '10.0', java.version: '1.8.0_181'
Driver info: org.openqa.selenium.chrome.ChromeDriver
Capabilities {acceptInsecureCerts: false, browserName: chrome, browserVersion: 85.0.4183.83, chrome: {chromedriverVersion: 85.0.4183.87 (cd6713ebf92fa..., userDataDir: C:\Users\Honey\AppData\Loca...}, goog:chromeOptions: {debuggerAddress: localhost:56079}, javascriptEnabled: true, networkConnectionEnabled: false, pageLoadStrategy: normal, platform: WINDOWS, platformName: WINDOWS, proxy: Proxy(), setWindowRect: true, strictFileInteractability: false, timeouts: {implicit: 0, pageLoad: 300000, script: 30000}, unhandledPromptBehavior: dismiss and notify, webauthn:virtualAuthenticators: true}
Session ID: a676fcefd3faa384005084e50499f370
*** Element info: {Using=xpath, value=//div[text()='Incorrect Email or Password']}
at org.openqa.selenium.remote.http.W3CHttpResponseCodec.createException(W3CHttpResponseCodec.java:187)
at org.openqa.selenium.remote.http.W3CHttpResponseCodec.decode(W3CHttpResponseCodec.java:122)
at org.openqa.selenium.remote.http.W3CHttpResponseCodec.decode(W3CHttpResponseCodec.java:49)
at org.openqa.selenium.remote.HttpCommandExecutor.execute(HttpCommandExecutor.java:158)
at org.openqa.selenium.remote.service.DriverCommandExecutor.execute(DriverCommandExecutor.java:83)
at org.openqa.selenium.remote.RemoteWebDriver.execute(RemoteWebDriver.java:552)
at org.openqa.selenium.remote.RemoteWebDriver.findElement(RemoteWebDriver.java:323)
at org.openqa.selenium.remote.RemoteWebDriver.findElementByXPath(RemoteWebDriver.java:428)
at org.openqa.selenium.By$ByXPath.findElement(By.java:353)
at org.openqa.selenium.remote.RemoteWebDriver.findElement(RemoteWebDriver.java:315)
at com.droom.automation.lib.SeleniumWrapper.verifyByText(SeleniumWrapper.java:341)
at com.droom.automation.page.droomweb.LoginPage.invalidLoginValidation(LoginPage.java:90)
at com.droom.automation.droomweb.droomweb_prod.UserLoginTest.inValidLoginIDAsProSellerViaPassword(UserLoginTest.java:84)
at java.util.ArrayList.forEach(ArrayList.java:1257)
... Removed 31 stack frames]]>
    </failure>
  </testcase> <!-- inValidLoginIDAsProSellerViaPassword -->
  <testcase name="inValidLoginPasswordAsProSellerViaPassword" time="34.3" classname="com.droom.automation.droomweb.droomweb_prod.UserLoginTest">
    <failure type="org.openqa.selenium.NoSuchElementException" message="no such element: Unable to locate element: {&amp;quot;method&amp;quot;:&amp;quot;xpath&amp;quot;,&amp;quot;selector&amp;quot;:&amp;quot;//div[text()=&amp;apos;Incorrect Email or Password&amp;apos;]&amp;quot;}
  (Session info: chrome=85.0.4183.83)
For documentation on this error, please visit: https://www.seleniumhq.org/exceptions/no_such_element.html
Build info: version: &amp;apos;3.141.59&amp;apos;, revision: &amp;apos;e82be7d358&amp;apos;, time: &amp;apos;2018-11-14T08:17:03&amp;apos;
System info: host: &amp;apos;LAPTOP-64JMFN9V&amp;apos;, ip: &amp;apos;192.168.0.103&amp;apos;, os.name: &amp;apos;Windows 10&amp;apos;, os.arch: &amp;apos;amd64&amp;apos;, os.version: &amp;apos;10.0&amp;apos;, java.version: &amp;apos;1.8.0_181&amp;apos;
Driver info: org.openqa.selenium.chrome.ChromeDriver
Capabilities {acceptInsecureCerts: false, browserName: chrome, browserVersion: 85.0.4183.83, chrome: {chromedriverVersion: 85.0.4183.87 (cd6713ebf92fa..., userDataDir: C:\Users\Honey\AppData\Loca...}, goog:chromeOptions: {debuggerAddress: localhost:56147}, javascriptEnabled: true, networkConnectionEnabled: false, pageLoadStrategy: normal, platform: WINDOWS, platformName: WINDOWS, proxy: Proxy(), setWindowRect: true, strictFileInteractability: false, timeouts: {implicit: 0, pageLoad: 300000, script: 30000}, unhandledPromptBehavior: dismiss and notify, webauthn:virtualAuthenticators: true}
Session ID: 25a565e9c2acf3dfe6799cde23005f74
*** Element info: {Using=xpath, value=//div[text()=&amp;apos;Incorrect Email or Password&amp;apos;]}">
      <![CDATA[org.openqa.selenium.NoSuchElementException: no such element: Unable to locate element: {"method":"xpath","selector":"//div[text()='Incorrect Email or Password']"}
  (Session info: chrome=85.0.4183.83)
For documentation on this error, please visit: https://www.seleniumhq.org/exceptions/no_such_element.html
Build info: version: '3.141.59', revision: 'e82be7d358', time: '2018-11-14T08:17:03'
System info: host: 'LAPTOP-64JMFN9V', ip: '192.168.0.103', os.name: 'Windows 10', os.arch: 'amd64', os.version: '10.0', java.version: '1.8.0_181'
Driver info: org.openqa.selenium.chrome.ChromeDriver
Capabilities {acceptInsecureCerts: false, browserName: chrome, browserVersion: 85.0.4183.83, chrome: {chromedriverVersion: 85.0.4183.87 (cd6713ebf92fa..., userDataDir: C:\Users\Honey\AppData\Loca...}, goog:chromeOptions: {debuggerAddress: localhost:56147}, javascriptEnabled: true, networkConnectionEnabled: false, pageLoadStrategy: normal, platform: WINDOWS, platformName: WINDOWS, proxy: Proxy(), setWindowRect: true, strictFileInteractability: false, timeouts: {implicit: 0, pageLoad: 300000, script: 30000}, unhandledPromptBehavior: dismiss and notify, webauthn:virtualAuthenticators: true}
Session ID: 25a565e9c2acf3dfe6799cde23005f74
*** Element info: {Using=xpath, value=//div[text()='Incorrect Email or Password']}
at org.openqa.selenium.remote.http.W3CHttpResponseCodec.createException(W3CHttpResponseCodec.java:187)
at org.openqa.selenium.remote.http.W3CHttpResponseCodec.decode(W3CHttpResponseCodec.java:122)
at org.openqa.selenium.remote.http.W3CHttpResponseCodec.decode(W3CHttpResponseCodec.java:49)
at org.openqa.selenium.remote.HttpCommandExecutor.execute(HttpCommandExecutor.java:158)
at org.openqa.selenium.remote.service.DriverCommandExecutor.execute(DriverCommandExecutor.java:83)
at org.openqa.selenium.remote.RemoteWebDriver.execute(RemoteWebDriver.java:552)
at org.openqa.selenium.remote.RemoteWebDriver.findElement(RemoteWebDriver.java:323)
at org.openqa.selenium.remote.RemoteWebDriver.findElementByXPath(RemoteWebDriver.java:428)
at org.openqa.selenium.By$ByXPath.findElement(By.java:353)
at org.openqa.selenium.remote.RemoteWebDriver.findElement(RemoteWebDriver.java:315)
at com.droom.automation.lib.SeleniumWrapper.verifyByText(SeleniumWrapper.java:341)
at com.droom.automation.page.droomweb.LoginPage.invalidLoginValidation(LoginPage.java:90)
at com.droom.automation.droomweb.droomweb_prod.UserLoginTest.inValidLoginPasswordAsProSellerViaPassword(UserLoginTest.java:93)
at java.util.ArrayList.forEach(ArrayList.java:1257)
... Removed 31 stack frames]]>
    </failure>
  </testcase> <!-- inValidLoginPasswordAsProSellerViaPassword -->
  <testcase name="buyGermShieldServiceViaHomePageAsLoggedInUser" time="35.741" classname="com.droom.automation.droomweb.droomweb_prod.BuyGermShieldServiceTest">
    <failure type="org.openqa.selenium.NoSuchElementException" message="no such element: Unable to locate element: {&amp;quot;method&amp;quot;:&amp;quot;xpath&amp;quot;,&amp;quot;selector&amp;quot;:&amp;quot;(//a[text()=&amp;apos;My Account&amp;apos;])[2]&amp;quot;}
  (Session info: chrome=85.0.4183.83)
For documentation on this error, please visit: https://www.seleniumhq.org/exceptions/no_such_element.html
Build info: version: &amp;apos;3.141.59&amp;apos;, revision: &amp;apos;e82be7d358&amp;apos;, time: &amp;apos;2018-11-14T08:17:03&amp;apos;
System info: host: &amp;apos;LAPTOP-64JMFN9V&amp;apos;, ip: &amp;apos;192.168.0.103&amp;apos;, os.name: &amp;apos;Windows 10&amp;apos;, os.arch: &amp;apos;amd64&amp;apos;, os.version: &amp;apos;10.0&amp;apos;, java.version: &amp;apos;1.8.0_181&amp;apos;
Driver info: org.openqa.selenium.chrome.ChromeDriver
Capabilities {acceptInsecureCerts: false, browserName: chrome, browserVersion: 85.0.4183.83, chrome: {chromedriverVersion: 85.0.4183.87 (cd6713ebf92fa..., userDataDir: C:\Users\Honey\AppData\Loca...}, goog:chromeOptions: {debuggerAddress: localhost:56230}, javascriptEnabled: true, networkConnectionEnabled: false, pageLoadStrategy: normal, platform: WINDOWS, platformName: WINDOWS, proxy: Proxy(), setWindowRect: true, strictFileInteractability: false, timeouts: {implicit: 0, pageLoad: 300000, script: 30000}, unhandledPromptBehavior: dismiss and notify, webauthn:virtualAuthenticators: true}
Session ID: 00ab6bd4b9d2f7a36baf1dccf358abd5
*** Element info: {Using=xpath, value=(//a[text()=&amp;apos;My Account&amp;apos;])[2]}">
      <![CDATA[org.openqa.selenium.NoSuchElementException: no such element: Unable to locate element: {"method":"xpath","selector":"(//a[text()='My Account'])[2]"}
  (Session info: chrome=85.0.4183.83)
For documentation on this error, please visit: https://www.seleniumhq.org/exceptions/no_such_element.html
Build info: version: '3.141.59', revision: 'e82be7d358', time: '2018-11-14T08:17:03'
System info: host: 'LAPTOP-64JMFN9V', ip: '192.168.0.103', os.name: 'Windows 10', os.arch: 'amd64', os.version: '10.0', java.version: '1.8.0_181'
Driver info: org.openqa.selenium.chrome.ChromeDriver
Capabilities {acceptInsecureCerts: false, browserName: chrome, browserVersion: 85.0.4183.83, chrome: {chromedriverVersion: 85.0.4183.87 (cd6713ebf92fa..., userDataDir: C:\Users\Honey\AppData\Loca...}, goog:chromeOptions: {debuggerAddress: localhost:56230}, javascriptEnabled: true, networkConnectionEnabled: false, pageLoadStrategy: normal, platform: WINDOWS, platformName: WINDOWS, proxy: Proxy(), setWindowRect: true, strictFileInteractability: false, timeouts: {implicit: 0, pageLoad: 300000, script: 30000}, unhandledPromptBehavior: dismiss and notify, webauthn:virtualAuthenticators: true}
Session ID: 00ab6bd4b9d2f7a36baf1dccf358abd5
*** Element info: {Using=xpath, value=(//a[text()='My Account'])[2]}
at org.openqa.selenium.remote.http.W3CHttpResponseCodec.createException(W3CHttpResponseCodec.java:187)
at org.openqa.selenium.remote.http.W3CHttpResponseCodec.decode(W3CHttpResponseCodec.java:122)
at org.openqa.selenium.remote.http.W3CHttpResponseCodec.decode(W3CHttpResponseCodec.java:49)
at org.openqa.selenium.remote.HttpCommandExecutor.execute(HttpCommandExecutor.java:158)
at org.openqa.selenium.remote.service.DriverCommandExecutor.execute(DriverCommandExecutor.java:83)
at org.openqa.selenium.remote.RemoteWebDriver.execute(RemoteWebDriver.java:552)
at org.openqa.selenium.remote.RemoteWebDriver.findElement(RemoteWebDriver.java:323)
at org.openqa.selenium.remote.RemoteWebDriver.findElementByXPath(RemoteWebDriver.java:428)
at org.openqa.selenium.By$ByXPath.findElement(By.java:353)
at org.openqa.selenium.remote.RemoteWebDriver.findElement(RemoteWebDriver.java:315)
at com.droom.automation.lib.SeleniumWrapper.verifyByText(SeleniumWrapper.java:341)
at com.droom.automation.page.droomweb.GermShieldAntimicrobialCoatingPage.germShieldAntimicrobialCoatingValidation(GermShieldAntimicrobialCoatingPage.java:69)
at com.droom.automation.droomweb.droomweb_prod.BuyGermShieldServiceTest.buyGermShieldServiceViaHomePageAsLoggedInUser(BuyGermShieldServiceTest.java:39)
at java.util.ArrayList.forEach(ArrayList.java:1257)
... Removed 31 stack frames]]>
    </failure>
  </testcase> <!-- buyGermShieldServiceViaHomePageAsLoggedInUser -->
  <testcase name="buyGermShieldElevatorService" time="35.485" classname="com.droom.automation.droomweb.droomweb_prod.BuyGermShieldServiceTest">
    <failure type="org.openqa.selenium.NoSuchElementException" message="no such element: Unable to locate element: {&amp;quot;method&amp;quot;:&amp;quot;xpath&amp;quot;,&amp;quot;selector&amp;quot;:&amp;quot;(//a[text()=&amp;apos;My Account&amp;apos;])[2]&amp;quot;}
  (Session info: chrome=85.0.4183.83)
For documentation on this error, please visit: https://www.seleniumhq.org/exceptions/no_such_element.html
Build info: version: &amp;apos;3.141.59&amp;apos;, revision: &amp;apos;e82be7d358&amp;apos;, time: &amp;apos;2018-11-14T08:17:03&amp;apos;
System info: host: &amp;apos;LAPTOP-64JMFN9V&amp;apos;, ip: &amp;apos;192.168.0.103&amp;apos;, os.name: &amp;apos;Windows 10&amp;apos;, os.arch: &amp;apos;amd64&amp;apos;, os.version: &amp;apos;10.0&amp;apos;, java.version: &amp;apos;1.8.0_181&amp;apos;
Driver info: org.openqa.selenium.chrome.ChromeDriver
Capabilities {acceptInsecureCerts: false, browserName: chrome, browserVersion: 85.0.4183.83, chrome: {chromedriverVersion: 85.0.4183.87 (cd6713ebf92fa..., userDataDir: C:\Users\Honey\AppData\Loca...}, goog:chromeOptions: {debuggerAddress: localhost:56296}, javascriptEnabled: true, networkConnectionEnabled: false, pageLoadStrategy: normal, platform: WINDOWS, platformName: WINDOWS, proxy: Proxy(), setWindowRect: true, strictFileInteractability: false, timeouts: {implicit: 0, pageLoad: 300000, script: 30000}, unhandledPromptBehavior: dismiss and notify, webauthn:virtualAuthenticators: true}
Session ID: c71347f457e7073394001d1b0e6747e4
*** Element info: {Using=xpath, value=(//a[text()=&amp;apos;My Account&amp;apos;])[2]}">
      <![CDATA[org.openqa.selenium.NoSuchElementException: no such element: Unable to locate element: {"method":"xpath","selector":"(//a[text()='My Account'])[2]"}
  (Session info: chrome=85.0.4183.83)
For documentation on this error, please visit: https://www.seleniumhq.org/exceptions/no_such_element.html
Build info: version: '3.141.59', revision: 'e82be7d358', time: '2018-11-14T08:17:03'
System info: host: 'LAPTOP-64JMFN9V', ip: '192.168.0.103', os.name: 'Windows 10', os.arch: 'amd64', os.version: '10.0', java.version: '1.8.0_181'
Driver info: org.openqa.selenium.chrome.ChromeDriver
Capabilities {acceptInsecureCerts: false, browserName: chrome, browserVersion: 85.0.4183.83, chrome: {chromedriverVersion: 85.0.4183.87 (cd6713ebf92fa..., userDataDir: C:\Users\Honey\AppData\Loca...}, goog:chromeOptions: {debuggerAddress: localhost:56296}, javascriptEnabled: true, networkConnectionEnabled: false, pageLoadStrategy: normal, platform: WINDOWS, platformName: WINDOWS, proxy: Proxy(), setWindowRect: true, strictFileInteractability: false, timeouts: {implicit: 0, pageLoad: 300000, script: 30000}, unhandledPromptBehavior: dismiss and notify, webauthn:virtualAuthenticators: true}
Session ID: c71347f457e7073394001d1b0e6747e4
*** Element info: {Using=xpath, value=(//a[text()='My Account'])[2]}
at org.openqa.selenium.remote.http.W3CHttpResponseCodec.createException(W3CHttpResponseCodec.java:187)
at org.openqa.selenium.remote.http.W3CHttpResponseCodec.decode(W3CHttpResponseCodec.java:122)
at org.openqa.selenium.remote.http.W3CHttpResponseCodec.decode(W3CHttpResponseCodec.java:49)
at org.openqa.selenium.remote.HttpCommandExecutor.execute(HttpCommandExecutor.java:158)
at org.openqa.selenium.remote.service.DriverCommandExecutor.execute(DriverCommandExecutor.java:83)
at org.openqa.selenium.remote.RemoteWebDriver.execute(RemoteWebDriver.java:552)
at org.openqa.selenium.remote.RemoteWebDriver.findElement(RemoteWebDriver.java:323)
at org.openqa.selenium.remote.RemoteWebDriver.findElementByXPath(RemoteWebDriver.java:428)
at org.openqa.selenium.By$ByXPath.findElement(By.java:353)
at org.openqa.selenium.remote.RemoteWebDriver.findElement(RemoteWebDriver.java:315)
at com.droom.automation.lib.SeleniumWrapper.verifyByText(SeleniumWrapper.java:341)
at com.droom.automation.page.droomweb.GermShieldAntimicrobialCoatingPage.germShieldForElevator(GermShieldAntimicrobialCoatingPage.java:92)
at com.droom.automation.droomweb.droomweb_prod.BuyGermShieldServiceTest.buyGermShieldElevatorService(BuyGermShieldServiceTest.java:48)
at java.util.ArrayList.forEach(ArrayList.java:1257)
... Removed 31 stack frames]]>
    </failure>
  </testcase> <!-- buyGermShieldElevatorService -->
  <testcase name="buyGermShieldForOtherFacility" time="54.461" classname="com.droom.automation.droomweb.droomweb_prod.BuyGermShieldServiceTest"/>
  <testcase name="buyGermShieldForAutomobileAsHatchback" time="65.049" classname="com.droom.automation.droomweb.droomweb_prod.BuyGermShieldServiceTest">
    <failure type="org.openqa.selenium.NoSuchElementException" message="no such element: Unable to locate element: {&amp;quot;method&amp;quot;:&amp;quot;xpath&amp;quot;,&amp;quot;selector&amp;quot;:&amp;quot;//strong[text()=&amp;apos;?  1,179&amp;apos;]&amp;quot;}
  (Session info: chrome=85.0.4183.83)
For documentation on this error, please visit: https://www.seleniumhq.org/exceptions/no_such_element.html
Build info: version: &amp;apos;3.141.59&amp;apos;, revision: &amp;apos;e82be7d358&amp;apos;, time: &amp;apos;2018-11-14T08:17:03&amp;apos;
System info: host: &amp;apos;LAPTOP-64JMFN9V&amp;apos;, ip: &amp;apos;192.168.0.103&amp;apos;, os.name: &amp;apos;Windows 10&amp;apos;, os.arch: &amp;apos;amd64&amp;apos;, os.version: &amp;apos;10.0&amp;apos;, java.version: &amp;apos;1.8.0_181&amp;apos;
Driver info: org.openqa.selenium.chrome.ChromeDriver
Capabilities {acceptInsecureCerts: false, browserName: chrome, browserVersion: 85.0.4183.83, chrome: {chromedriverVersion: 85.0.4183.87 (cd6713ebf92fa..., userDataDir: C:\Users\Honey\AppData\Loca...}, goog:chromeOptions: {debuggerAddress: localhost:56480}, javascriptEnabled: true, networkConnectionEnabled: false, pageLoadStrategy: normal, platform: WINDOWS, platformName: WINDOWS, proxy: Proxy(), setWindowRect: true, strictFileInteractability: false, timeouts: {implicit: 0, pageLoad: 300000, script: 30000}, unhandledPromptBehavior: dismiss and notify, webauthn:virtualAuthenticators: true}
Session ID: cf55a00ff5ece85c550399499702e8fe
*** Element info: {Using=xpath, value=//strong[text()=&amp;apos;?  1,179&amp;apos;]}">
      <![CDATA[org.openqa.selenium.NoSuchElementException: no such element: Unable to locate element: {"method":"xpath","selector":"//strong[text()='?  1,179']"}
  (Session info: chrome=85.0.4183.83)
For documentation on this error, please visit: https://www.seleniumhq.org/exceptions/no_such_element.html
Build info: version: '3.141.59', revision: 'e82be7d358', time: '2018-11-14T08:17:03'
System info: host: 'LAPTOP-64JMFN9V', ip: '192.168.0.103', os.name: 'Windows 10', os.arch: 'amd64', os.version: '10.0', java.version: '1.8.0_181'
Driver info: org.openqa.selenium.chrome.ChromeDriver
Capabilities {acceptInsecureCerts: false, browserName: chrome, browserVersion: 85.0.4183.83, chrome: {chromedriverVersion: 85.0.4183.87 (cd6713ebf92fa..., userDataDir: C:\Users\Honey\AppData\Loca...}, goog:chromeOptions: {debuggerAddress: localhost:56480}, javascriptEnabled: true, networkConnectionEnabled: false, pageLoadStrategy: normal, platform: WINDOWS, platformName: WINDOWS, proxy: Proxy(), setWindowRect: true, strictFileInteractability: false, timeouts: {implicit: 0, pageLoad: 300000, script: 30000}, unhandledPromptBehavior: dismiss and notify, webauthn:virtualAuthenticators: true}
Session ID: cf55a00ff5ece85c550399499702e8fe
*** Element info: {Using=xpath, value=//strong[text()='?  1,179']}
at org.openqa.selenium.remote.http.W3CHttpResponseCodec.createException(W3CHttpResponseCodec.java:187)
at org.openqa.selenium.remote.http.W3CHttpResponseCodec.decode(W3CHttpResponseCodec.java:122)
at org.openqa.selenium.remote.http.W3CHttpResponseCodec.decode(W3CHttpResponseCodec.java:49)
at org.openqa.selenium.remote.HttpCommandExecutor.execute(HttpCommandExecutor.java:158)
at org.openqa.selenium.remote.service.DriverCommandExecutor.execute(DriverCommandExecutor.java:83)
at org.openqa.selenium.remote.RemoteWebDriver.execute(RemoteWebDriver.java:552)
at org.openqa.selenium.remote.RemoteWebDriver.findElement(RemoteWebDriver.java:323)
at org.openqa.selenium.remote.RemoteWebDriver.findElementByXPath(RemoteWebDriver.java:428)
at org.openqa.selenium.By$ByXPath.findElement(By.java:353)
at org.openqa.selenium.remote.RemoteWebDriver.findElement(RemoteWebDriver.java:315)
at com.droom.automation.lib.SeleniumWrapper.verifyByContains(SeleniumWrapper.java:349)
at com.droom.automation.page.droomweb.GermShieldForAutomobilePage.germShieldValidationForCarAsHatchback(GermShieldForAutomobilePage.java:76)
at com.droom.automation.droomweb.droomweb_prod.BuyGermShieldServiceTest.buyGermShieldForAutomobileAsHatchback(BuyGermShieldServiceTest.java:68)
at java.util.ArrayList.forEach(ArrayList.java:1257)
... Removed 31 stack frames]]>
    </failure>
  </testcase> <!-- buyGermShieldForAutomobileAsHatchback -->
  <testcase name="buyGermShieldForAutomobileAsSedan" time="35.447" classname="com.droom.automation.droomweb.droomweb_prod.BuyGermShieldServiceTest">
    <failure type="org.openqa.selenium.NoSuchElementException" message="no such element: Unable to locate element: {&amp;quot;method&amp;quot;:&amp;quot;xpath&amp;quot;,&amp;quot;selector&amp;quot;:&amp;quot;(//a[text()=&amp;apos;My Account&amp;apos;])[2]&amp;quot;}
  (Session info: chrome=85.0.4183.83)
For documentation on this error, please visit: https://www.seleniumhq.org/exceptions/no_such_element.html
Build info: version: &amp;apos;3.141.59&amp;apos;, revision: &amp;apos;e82be7d358&amp;apos;, time: &amp;apos;2018-11-14T08:17:03&amp;apos;
System info: host: &amp;apos;LAPTOP-64JMFN9V&amp;apos;, ip: &amp;apos;192.168.0.103&amp;apos;, os.name: &amp;apos;Windows 10&amp;apos;, os.arch: &amp;apos;amd64&amp;apos;, os.version: &amp;apos;10.0&amp;apos;, java.version: &amp;apos;1.8.0_181&amp;apos;
Driver info: org.openqa.selenium.chrome.ChromeDriver
Capabilities {acceptInsecureCerts: false, browserName: chrome, browserVersion: 85.0.4183.83, chrome: {chromedriverVersion: 85.0.4183.87 (cd6713ebf92fa..., userDataDir: C:\Users\Honey\AppData\Loca...}, goog:chromeOptions: {debuggerAddress: localhost:56581}, javascriptEnabled: true, networkConnectionEnabled: false, pageLoadStrategy: normal, platform: WINDOWS, platformName: WINDOWS, proxy: Proxy(), setWindowRect: true, strictFileInteractability: false, timeouts: {implicit: 0, pageLoad: 300000, script: 30000}, unhandledPromptBehavior: dismiss and notify, webauthn:virtualAuthenticators: true}
Session ID: b0fc998be1c5cf0ec577b15a87d777ed
*** Element info: {Using=xpath, value=(//a[text()=&amp;apos;My Account&amp;apos;])[2]}">
      <![CDATA[org.openqa.selenium.NoSuchElementException: no such element: Unable to locate element: {"method":"xpath","selector":"(//a[text()='My Account'])[2]"}
  (Session info: chrome=85.0.4183.83)
For documentation on this error, please visit: https://www.seleniumhq.org/exceptions/no_such_element.html
Build info: version: '3.141.59', revision: 'e82be7d358', time: '2018-11-14T08:17:03'
System info: host: 'LAPTOP-64JMFN9V', ip: '192.168.0.103', os.name: 'Windows 10', os.arch: 'amd64', os.version: '10.0', java.version: '1.8.0_181'
Driver info: org.openqa.selenium.chrome.ChromeDriver
Capabilities {acceptInsecureCerts: false, browserName: chrome, browserVersion: 85.0.4183.83, chrome: {chromedriverVersion: 85.0.4183.87 (cd6713ebf92fa..., userDataDir: C:\Users\Honey\AppData\Loca...}, goog:chromeOptions: {debuggerAddress: localhost:56581}, javascriptEnabled: true, networkConnectionEnabled: false, pageLoadStrategy: normal, platform: WINDOWS, platformName: WINDOWS, proxy: Proxy(), setWindowRect: true, strictFileInteractability: false, timeouts: {implicit: 0, pageLoad: 300000, script: 30000}, unhandledPromptBehavior: dismiss and notify, webauthn:virtualAuthenticators: true}
Session ID: b0fc998be1c5cf0ec577b15a87d777ed
*** Element info: {Using=xpath, value=(//a[text()='My Account'])[2]}
at org.openqa.selenium.remote.http.W3CHttpResponseCodec.createException(W3CHttpResponseCodec.java:187)
at org.openqa.selenium.remote.http.W3CHttpResponseCodec.decode(W3CHttpResponseCodec.java:122)
at org.openqa.selenium.remote.http.W3CHttpResponseCodec.decode(W3CHttpResponseCodec.java:49)
at org.openqa.selenium.remote.HttpCommandExecutor.execute(HttpCommandExecutor.java:158)
at org.openqa.selenium.remote.service.DriverCommandExecutor.execute(DriverCommandExecutor.java:83)
at org.openqa.selenium.remote.RemoteWebDriver.execute(RemoteWebDriver.java:552)
at org.openqa.selenium.remote.RemoteWebDriver.findElement(RemoteWebDriver.java:323)
at org.openqa.selenium.remote.RemoteWebDriver.findElementByXPath(RemoteWebDriver.java:428)
at org.openqa.selenium.By$ByXPath.findElement(By.java:353)
at org.openqa.selenium.remote.RemoteWebDriver.findElement(RemoteWebDriver.java:315)
at com.droom.automation.lib.SeleniumWrapper.verifyByText(SeleniumWrapper.java:341)
at com.droom.automation.page.droomweb.GermShieldForAutomobilePage.getGermShieldPage(GermShieldForAutomobilePage.java:48)
at com.droom.automation.page.droomweb.GermShieldForAutomobilePage.germShieldValidationForCarAsSedan(GermShieldForAutomobilePage.java:84)
at com.droom.automation.droomweb.droomweb_prod.BuyGermShieldServiceTest.buyGermShieldForAutomobileAsSedan(BuyGermShieldServiceTest.java:78)
at java.util.ArrayList.forEach(ArrayList.java:1257)
... Removed 31 stack frames]]>
    </failure>
  </testcase> <!-- buyGermShieldForAutomobileAsSedan -->
  <testcase name="buyGermShieldForAutomobileAsBike" time="37.221" classname="com.droom.automation.droomweb.droomweb_prod.BuyGermShieldServiceTest">
    <failure type="org.openqa.selenium.NoSuchElementException" message="no such element: Unable to locate element: {&amp;quot;method&amp;quot;:&amp;quot;xpath&amp;quot;,&amp;quot;selector&amp;quot;:&amp;quot;(//a[text()=&amp;apos;My Account&amp;apos;])[2]&amp;quot;}
  (Session info: chrome=85.0.4183.83)
For documentation on this error, please visit: https://www.seleniumhq.org/exceptions/no_such_element.html
Build info: version: &amp;apos;3.141.59&amp;apos;, revision: &amp;apos;e82be7d358&amp;apos;, time: &amp;apos;2018-11-14T08:17:03&amp;apos;
System info: host: &amp;apos;LAPTOP-64JMFN9V&amp;apos;, ip: &amp;apos;192.168.0.103&amp;apos;, os.name: &amp;apos;Windows 10&amp;apos;, os.arch: &amp;apos;amd64&amp;apos;, os.version: &amp;apos;10.0&amp;apos;, java.version: &amp;apos;1.8.0_181&amp;apos;
Driver info: org.openqa.selenium.chrome.ChromeDriver
Capabilities {acceptInsecureCerts: false, browserName: chrome, browserVersion: 85.0.4183.83, chrome: {chromedriverVersion: 85.0.4183.87 (cd6713ebf92fa..., userDataDir: C:\Users\Honey\AppData\Loca...}, goog:chromeOptions: {debuggerAddress: localhost:56669}, javascriptEnabled: true, networkConnectionEnabled: false, pageLoadStrategy: normal, platform: WINDOWS, platformName: WINDOWS, proxy: Proxy(), setWindowRect: true, strictFileInteractability: false, timeouts: {implicit: 0, pageLoad: 300000, script: 30000}, unhandledPromptBehavior: dismiss and notify, webauthn:virtualAuthenticators: true}
Session ID: a57b031a89bbd348bf8dfd7ff681a14c
*** Element info: {Using=xpath, value=(//a[text()=&amp;apos;My Account&amp;apos;])[2]}">
      <![CDATA[org.openqa.selenium.NoSuchElementException: no such element: Unable to locate element: {"method":"xpath","selector":"(//a[text()='My Account'])[2]"}
  (Session info: chrome=85.0.4183.83)
For documentation on this error, please visit: https://www.seleniumhq.org/exceptions/no_such_element.html
Build info: version: '3.141.59', revision: 'e82be7d358', time: '2018-11-14T08:17:03'
System info: host: 'LAPTOP-64JMFN9V', ip: '192.168.0.103', os.name: 'Windows 10', os.arch: 'amd64', os.version: '10.0', java.version: '1.8.0_181'
Driver info: org.openqa.selenium.chrome.ChromeDriver
Capabilities {acceptInsecureCerts: false, browserName: chrome, browserVersion: 85.0.4183.83, chrome: {chromedriverVersion: 85.0.4183.87 (cd6713ebf92fa..., userDataDir: C:\Users\Honey\AppData\Loca...}, goog:chromeOptions: {debuggerAddress: localhost:56669}, javascriptEnabled: true, networkConnectionEnabled: false, pageLoadStrategy: normal, platform: WINDOWS, platformName: WINDOWS, proxy: Proxy(), setWindowRect: true, strictFileInteractability: false, timeouts: {implicit: 0, pageLoad: 300000, script: 30000}, unhandledPromptBehavior: dismiss and notify, webauthn:virtualAuthenticators: true}
Session ID: a57b031a89bbd348bf8dfd7ff681a14c
*** Element info: {Using=xpath, value=(//a[text()='My Account'])[2]}
at org.openqa.selenium.remote.http.W3CHttpResponseCodec.createException(W3CHttpResponseCodec.java:187)
at org.openqa.selenium.remote.http.W3CHttpResponseCodec.decode(W3CHttpResponseCodec.java:122)
at org.openqa.selenium.remote.http.W3CHttpResponseCodec.decode(W3CHttpResponseCodec.java:49)
at org.openqa.selenium.remote.HttpCommandExecutor.execute(HttpCommandExecutor.java:158)
at org.openqa.selenium.remote.service.DriverCommandExecutor.execute(DriverCommandExecutor.java:83)
at org.openqa.selenium.remote.RemoteWebDriver.execute(RemoteWebDriver.java:552)
at org.openqa.selenium.remote.RemoteWebDriver.findElement(RemoteWebDriver.java:323)
at org.openqa.selenium.remote.RemoteWebDriver.findElementByXPath(RemoteWebDriver.java:428)
at org.openqa.selenium.By$ByXPath.findElement(By.java:353)
at org.openqa.selenium.remote.RemoteWebDriver.findElement(RemoteWebDriver.java:315)
at com.droom.automation.lib.SeleniumWrapper.verifyByText(SeleniumWrapper.java:341)
at com.droom.automation.page.droomweb.GermShieldForAutomobilePage.getGermShieldPage(GermShieldForAutomobilePage.java:48)
at com.droom.automation.page.droomweb.GermShieldForAutomobilePage.germShieldValidationForBike(GermShieldForAutomobilePage.java:109)
at com.droom.automation.droomweb.droomweb_prod.BuyGermShieldServiceTest.buyGermShieldForAutomobileAsBike(BuyGermShieldServiceTest.java:88)
at java.util.ArrayList.forEach(ArrayList.java:1257)
... Removed 31 stack frames]]>
    </failure>
  </testcase> <!-- buyGermShieldForAutomobileAsBike -->
  <testcase name="buyGermShieldForAutomobileAsScooter" time="55.886" classname="com.droom.automation.droomweb.droomweb_prod.BuyGermShieldServiceTest"/>
  <testcase name="buyGermShieldForAutomobileAsPremiumBike" time="35.435" classname="com.droom.automation.droomweb.droomweb_prod.BuyGermShieldServiceTest">
    <failure type="org.openqa.selenium.NoSuchElementException" message="no such element: Unable to locate element: {&amp;quot;method&amp;quot;:&amp;quot;xpath&amp;quot;,&amp;quot;selector&amp;quot;:&amp;quot;(//a[text()=&amp;apos;My Account&amp;apos;])[2]&amp;quot;}
  (Session info: chrome=85.0.4183.83)
For documentation on this error, please visit: https://www.seleniumhq.org/exceptions/no_such_element.html
Build info: version: &amp;apos;3.141.59&amp;apos;, revision: &amp;apos;e82be7d358&amp;apos;, time: &amp;apos;2018-11-14T08:17:03&amp;apos;
System info: host: &amp;apos;LAPTOP-64JMFN9V&amp;apos;, ip: &amp;apos;192.168.0.103&amp;apos;, os.name: &amp;apos;Windows 10&amp;apos;, os.arch: &amp;apos;amd64&amp;apos;, os.version: &amp;apos;10.0&amp;apos;, java.version: &amp;apos;1.8.0_181&amp;apos;
Driver info: org.openqa.selenium.chrome.ChromeDriver
Capabilities {acceptInsecureCerts: false, browserName: chrome, browserVersion: 85.0.4183.83, chrome: {chromedriverVersion: 85.0.4183.87 (cd6713ebf92fa..., userDataDir: C:\Users\Honey\AppData\Loca...}, goog:chromeOptions: {debuggerAddress: localhost:56864}, javascriptEnabled: true, networkConnectionEnabled: false, pageLoadStrategy: normal, platform: WINDOWS, platformName: WINDOWS, proxy: Proxy(), setWindowRect: true, strictFileInteractability: false, timeouts: {implicit: 0, pageLoad: 300000, script: 30000}, unhandledPromptBehavior: dismiss and notify, webauthn:virtualAuthenticators: true}
Session ID: 0121d0ae50492780e1cb68b07bd065e4
*** Element info: {Using=xpath, value=(//a[text()=&amp;apos;My Account&amp;apos;])[2]}">
      <![CDATA[org.openqa.selenium.NoSuchElementException: no such element: Unable to locate element: {"method":"xpath","selector":"(//a[text()='My Account'])[2]"}
  (Session info: chrome=85.0.4183.83)
For documentation on this error, please visit: https://www.seleniumhq.org/exceptions/no_such_element.html
Build info: version: '3.141.59', revision: 'e82be7d358', time: '2018-11-14T08:17:03'
System info: host: 'LAPTOP-64JMFN9V', ip: '192.168.0.103', os.name: 'Windows 10', os.arch: 'amd64', os.version: '10.0', java.version: '1.8.0_181'
Driver info: org.openqa.selenium.chrome.ChromeDriver
Capabilities {acceptInsecureCerts: false, browserName: chrome, browserVersion: 85.0.4183.83, chrome: {chromedriverVersion: 85.0.4183.87 (cd6713ebf92fa..., userDataDir: C:\Users\Honey\AppData\Loca...}, goog:chromeOptions: {debuggerAddress: localhost:56864}, javascriptEnabled: true, networkConnectionEnabled: false, pageLoadStrategy: normal, platform: WINDOWS, platformName: WINDOWS, proxy: Proxy(), setWindowRect: true, strictFileInteractability: false, timeouts: {implicit: 0, pageLoad: 300000, script: 30000}, unhandledPromptBehavior: dismiss and notify, webauthn:virtualAuthenticators: true}
Session ID: 0121d0ae50492780e1cb68b07bd065e4
*** Element info: {Using=xpath, value=(//a[text()='My Account'])[2]}
at org.openqa.selenium.remote.http.W3CHttpResponseCodec.createException(W3CHttpResponseCodec.java:187)
at org.openqa.selenium.remote.http.W3CHttpResponseCodec.decode(W3CHttpResponseCodec.java:122)
at org.openqa.selenium.remote.http.W3CHttpResponseCodec.decode(W3CHttpResponseCodec.java:49)
at org.openqa.selenium.remote.HttpCommandExecutor.execute(HttpCommandExecutor.java:158)
at org.openqa.selenium.remote.service.DriverCommandExecutor.execute(DriverCommandExecutor.java:83)
at org.openqa.selenium.remote.RemoteWebDriver.execute(RemoteWebDriver.java:552)
at org.openqa.selenium.remote.RemoteWebDriver.findElement(RemoteWebDriver.java:323)
at org.openqa.selenium.remote.RemoteWebDriver.findElementByXPath(RemoteWebDriver.java:428)
at org.openqa.selenium.By$ByXPath.findElement(By.java:353)
at org.openqa.selenium.remote.RemoteWebDriver.findElement(RemoteWebDriver.java:315)
at com.droom.automation.lib.SeleniumWrapper.verifyByText(SeleniumWrapper.java:341)
at com.droom.automation.page.droomweb.GermShieldForAutomobilePage.getGermShieldPage(GermShieldForAutomobilePage.java:48)
at com.droom.automation.page.droomweb.GermShieldForAutomobilePage.germShieldValidationForPremiumBike(GermShieldForAutomobilePage.java:162)
at com.droom.automation.droomweb.droomweb_prod.BuyGermShieldServiceTest.buyGermShieldForAutomobileAsPremiumBike(BuyGermShieldServiceTest.java:108)
at java.util.ArrayList.forEach(ArrayList.java:1257)
... Removed 31 stack frames]]>
    </failure>
  </testcase> <!-- buyGermShieldForAutomobileAsPremiumBike -->
  <testcase name="buyGermShieldForAutomobileAsBus" time="53.972" classname="com.droom.automation.droomweb.droomweb_prod.BuyGermShieldServiceTest"/>
  <testcase name="buyGermShieldForHomeAsIndependent" time="56.934" classname="com.droom.automation.droomweb.droomweb_prod.BuyGermShieldServiceTest"/>
  <testcase name="buyGermShieldForHomeAsBungalow" time="35.445" classname="com.droom.automation.droomweb.droomweb_prod.BuyGermShieldServiceTest">
    <failure type="org.openqa.selenium.NoSuchElementException" message="no such element: Unable to locate element: {&amp;quot;method&amp;quot;:&amp;quot;xpath&amp;quot;,&amp;quot;selector&amp;quot;:&amp;quot;(//a[text()=&amp;apos;My Account&amp;apos;])[2]&amp;quot;}
  (Session info: chrome=85.0.4183.83)
For documentation on this error, please visit: https://www.seleniumhq.org/exceptions/no_such_element.html
Build info: version: &amp;apos;3.141.59&amp;apos;, revision: &amp;apos;e82be7d358&amp;apos;, time: &amp;apos;2018-11-14T08:17:03&amp;apos;
System info: host: &amp;apos;LAPTOP-64JMFN9V&amp;apos;, ip: &amp;apos;192.168.0.103&amp;apos;, os.name: &amp;apos;Windows 10&amp;apos;, os.arch: &amp;apos;amd64&amp;apos;, os.version: &amp;apos;10.0&amp;apos;, java.version: &amp;apos;1.8.0_181&amp;apos;
Driver info: org.openqa.selenium.chrome.ChromeDriver
Capabilities {acceptInsecureCerts: false, browserName: chrome, browserVersion: 85.0.4183.83, chrome: {chromedriverVersion: 85.0.4183.87 (cd6713ebf92fa..., userDataDir: C:\Users\Honey\AppData\Loca...}, goog:chromeOptions: {debuggerAddress: localhost:57157}, javascriptEnabled: true, networkConnectionEnabled: false, pageLoadStrategy: normal, platform: WINDOWS, platformName: WINDOWS, proxy: Proxy(), setWindowRect: true, strictFileInteractability: false, timeouts: {implicit: 0, pageLoad: 300000, script: 30000}, unhandledPromptBehavior: dismiss and notify, webauthn:virtualAuthenticators: true}
Session ID: 80603ff0e35c8b6eb279d0bff8130633
*** Element info: {Using=xpath, value=(//a[text()=&amp;apos;My Account&amp;apos;])[2]}">
      <![CDATA[org.openqa.selenium.NoSuchElementException: no such element: Unable to locate element: {"method":"xpath","selector":"(//a[text()='My Account'])[2]"}
  (Session info: chrome=85.0.4183.83)
For documentation on this error, please visit: https://www.seleniumhq.org/exceptions/no_such_element.html
Build info: version: '3.141.59', revision: 'e82be7d358', time: '2018-11-14T08:17:03'
System info: host: 'LAPTOP-64JMFN9V', ip: '192.168.0.103', os.name: 'Windows 10', os.arch: 'amd64', os.version: '10.0', java.version: '1.8.0_181'
Driver info: org.openqa.selenium.chrome.ChromeDriver
Capabilities {acceptInsecureCerts: false, browserName: chrome, browserVersion: 85.0.4183.83, chrome: {chromedriverVersion: 85.0.4183.87 (cd6713ebf92fa..., userDataDir: C:\Users\Honey\AppData\Loca...}, goog:chromeOptions: {debuggerAddress: localhost:57157}, javascriptEnabled: true, networkConnectionEnabled: false, pageLoadStrategy: normal, platform: WINDOWS, platformName: WINDOWS, proxy: Proxy(), setWindowRect: true, strictFileInteractability: false, timeouts: {implicit: 0, pageLoad: 300000, script: 30000}, unhandledPromptBehavior: dismiss and notify, webauthn:virtualAuthenticators: true}
Session ID: 80603ff0e35c8b6eb279d0bff8130633
*** Element info: {Using=xpath, value=(//a[text()='My Account'])[2]}
at org.openqa.selenium.remote.http.W3CHttpResponseCodec.createException(W3CHttpResponseCodec.java:187)
at org.openqa.selenium.remote.http.W3CHttpResponseCodec.decode(W3CHttpResponseCodec.java:122)
at org.openqa.selenium.remote.http.W3CHttpResponseCodec.decode(W3CHttpResponseCodec.java:49)
at org.openqa.selenium.remote.HttpCommandExecutor.execute(HttpCommandExecutor.java:158)
at org.openqa.selenium.remote.service.DriverCommandExecutor.execute(DriverCommandExecutor.java:83)
at org.openqa.selenium.remote.RemoteWebDriver.execute(RemoteWebDriver.java:552)
at org.openqa.selenium.remote.RemoteWebDriver.findElement(RemoteWebDriver.java:323)
at org.openqa.selenium.remote.RemoteWebDriver.findElementByXPath(RemoteWebDriver.java:428)
at org.openqa.selenium.By$ByXPath.findElement(By.java:353)
at org.openqa.selenium.remote.RemoteWebDriver.findElement(RemoteWebDriver.java:315)
at com.droom.automation.lib.SeleniumWrapper.verifyByText(SeleniumWrapper.java:341)
at com.droom.automation.page.droomweb.GermShieldForHomePage.getGermShieldPage(GermShieldForHomePage.java:78)
at com.droom.automation.page.droomweb.GermShieldForHomePage.germShieldValidationForHomeAsBungalow(GermShieldForHomePage.java:120)
at com.droom.automation.droomweb.droomweb_prod.BuyGermShieldServiceTest.buyGermShieldForHomeAsBungalow(BuyGermShieldServiceTest.java:142)
at java.util.ArrayList.forEach(ArrayList.java:1257)
... Removed 31 stack frames]]>
    </failure>
  </testcase> <!-- buyGermShieldForHomeAsBungalow -->
  <testcase name="buyGermShieldForHomeAsFlat" time="54.61" classname="com.droom.automation.droomweb.droomweb_prod.BuyGermShieldServiceTest"/>
  <testcase name="buyGermShieldForHomeAsVilla" time="53.093" classname="com.droom.automation.droomweb.droomweb_prod.BuyGermShieldServiceTest"/>
  <testcase name="buyGermShieldForHomeAsPenthouse" time="35.512" classname="com.droom.automation.droomweb.droomweb_prod.BuyGermShieldServiceTest">
    <failure type="org.openqa.selenium.NoSuchElementException" message="no such element: Unable to locate element: {&amp;quot;method&amp;quot;:&amp;quot;xpath&amp;quot;,&amp;quot;selector&amp;quot;:&amp;quot;(//a[text()=&amp;apos;My Account&amp;apos;])[2]&amp;quot;}
  (Session info: chrome=85.0.4183.83)
For documentation on this error, please visit: https://www.seleniumhq.org/exceptions/no_such_element.html
Build info: version: &amp;apos;3.141.59&amp;apos;, revision: &amp;apos;e82be7d358&amp;apos;, time: &amp;apos;2018-11-14T08:17:03&amp;apos;
System info: host: &amp;apos;LAPTOP-64JMFN9V&amp;apos;, ip: &amp;apos;192.168.0.103&amp;apos;, os.name: &amp;apos;Windows 10&amp;apos;, os.arch: &amp;apos;amd64&amp;apos;, os.version: &amp;apos;10.0&amp;apos;, java.version: &amp;apos;1.8.0_181&amp;apos;
Driver info: org.openqa.selenium.chrome.ChromeDriver
Capabilities {acceptInsecureCerts: false, browserName: chrome, browserVersion: 85.0.4183.83, chrome: {chromedriverVersion: 85.0.4183.87 (cd6713ebf92fa..., userDataDir: C:\Users\Honey\AppData\Loca...}, goog:chromeOptions: {debuggerAddress: localhost:57464}, javascriptEnabled: true, networkConnectionEnabled: false, pageLoadStrategy: normal, platform: WINDOWS, platformName: WINDOWS, proxy: Proxy(), setWindowRect: true, strictFileInteractability: false, timeouts: {implicit: 0, pageLoad: 300000, script: 30000}, unhandledPromptBehavior: dismiss and notify, webauthn:virtualAuthenticators: true}
Session ID: bb6935a63cc6937fbd7ea6668bc0eb3b
*** Element info: {Using=xpath, value=(//a[text()=&amp;apos;My Account&amp;apos;])[2]}">
      <![CDATA[org.openqa.selenium.NoSuchElementException: no such element: Unable to locate element: {"method":"xpath","selector":"(//a[text()='My Account'])[2]"}
  (Session info: chrome=85.0.4183.83)
For documentation on this error, please visit: https://www.seleniumhq.org/exceptions/no_such_element.html
Build info: version: '3.141.59', revision: 'e82be7d358', time: '2018-11-14T08:17:03'
System info: host: 'LAPTOP-64JMFN9V', ip: '192.168.0.103', os.name: 'Windows 10', os.arch: 'amd64', os.version: '10.0', java.version: '1.8.0_181'
Driver info: org.openqa.selenium.chrome.ChromeDriver
Capabilities {acceptInsecureCerts: false, browserName: chrome, browserVersion: 85.0.4183.83, chrome: {chromedriverVersion: 85.0.4183.87 (cd6713ebf92fa..., userDataDir: C:\Users\Honey\AppData\Loca...}, goog:chromeOptions: {debuggerAddress: localhost:57464}, javascriptEnabled: true, networkConnectionEnabled: false, pageLoadStrategy: normal, platform: WINDOWS, platformName: WINDOWS, proxy: Proxy(), setWindowRect: true, strictFileInteractability: false, timeouts: {implicit: 0, pageLoad: 300000, script: 30000}, unhandledPromptBehavior: dismiss and notify, webauthn:virtualAuthenticators: true}
Session ID: bb6935a63cc6937fbd7ea6668bc0eb3b
*** Element info: {Using=xpath, value=(//a[text()='My Account'])[2]}
at org.openqa.selenium.remote.http.W3CHttpResponseCodec.createException(W3CHttpResponseCodec.java:187)
at org.openqa.selenium.remote.http.W3CHttpResponseCodec.decode(W3CHttpResponseCodec.java:122)
at org.openqa.selenium.remote.http.W3CHttpResponseCodec.decode(W3CHttpResponseCodec.java:49)
at org.openqa.selenium.remote.HttpCommandExecutor.execute(HttpCommandExecutor.java:158)
at org.openqa.selenium.remote.service.DriverCommandExecutor.execute(DriverCommandExecutor.java:83)
at org.openqa.selenium.remote.RemoteWebDriver.execute(RemoteWebDriver.java:552)
at org.openqa.selenium.remote.RemoteWebDriver.findElement(RemoteWebDriver.java:323)
at org.openqa.selenium.remote.RemoteWebDriver.findElementByXPath(RemoteWebDriver.java:428)
at org.openqa.selenium.By$ByXPath.findElement(By.java:353)
at org.openqa.selenium.remote.RemoteWebDriver.findElement(RemoteWebDriver.java:315)
at com.droom.automation.lib.SeleniumWrapper.verifyByText(SeleniumWrapper.java:341)
at com.droom.automation.page.droomweb.GermShieldForHomePage.getGermShieldPage(GermShieldForHomePage.java:78)
at com.droom.automation.page.droomweb.GermShieldForHomePage.germShieldValidationForHomeAsPenthouse(GermShieldForHomePage.java:210)
at com.droom.automation.droomweb.droomweb_prod.BuyGermShieldServiceTest.buyGermShieldForHomeAsPenthouse(BuyGermShieldServiceTest.java:175)
at java.util.ArrayList.forEach(ArrayList.java:1257)
... Removed 31 stack frames]]>
    </failure>
  </testcase> <!-- buyGermShieldForHomeAsPenthouse -->
  <testcase name="buyGermShieldForHomeAsFarmhouse" time="35.367" classname="com.droom.automation.droomweb.droomweb_prod.BuyGermShieldServiceTest">
    <failure type="org.openqa.selenium.NoSuchElementException" message="no such element: Unable to locate element: {&amp;quot;method&amp;quot;:&amp;quot;xpath&amp;quot;,&amp;quot;selector&amp;quot;:&amp;quot;(//a[text()=&amp;apos;My Account&amp;apos;])[2]&amp;quot;}
  (Session info: chrome=85.0.4183.83)
For documentation on this error, please visit: https://www.seleniumhq.org/exceptions/no_such_element.html
Build info: version: &amp;apos;3.141.59&amp;apos;, revision: &amp;apos;e82be7d358&amp;apos;, time: &amp;apos;2018-11-14T08:17:03&amp;apos;
System info: host: &amp;apos;LAPTOP-64JMFN9V&amp;apos;, ip: &amp;apos;192.168.0.103&amp;apos;, os.name: &amp;apos;Windows 10&amp;apos;, os.arch: &amp;apos;amd64&amp;apos;, os.version: &amp;apos;10.0&amp;apos;, java.version: &amp;apos;1.8.0_181&amp;apos;
Driver info: org.openqa.selenium.chrome.ChromeDriver
Capabilities {acceptInsecureCerts: false, browserName: chrome, browserVersion: 85.0.4183.83, chrome: {chromedriverVersion: 85.0.4183.87 (cd6713ebf92fa..., userDataDir: C:\Users\Honey\AppData\Loca...}, goog:chromeOptions: {debuggerAddress: localhost:57549}, javascriptEnabled: true, networkConnectionEnabled: false, pageLoadStrategy: normal, platform: WINDOWS, platformName: WINDOWS, proxy: Proxy(), setWindowRect: true, strictFileInteractability: false, timeouts: {implicit: 0, pageLoad: 300000, script: 30000}, unhandledPromptBehavior: dismiss and notify, webauthn:virtualAuthenticators: true}
Session ID: 5301f777e914bbacaf6aee8f6455a26e
*** Element info: {Using=xpath, value=(//a[text()=&amp;apos;My Account&amp;apos;])[2]}">
      <![CDATA[org.openqa.selenium.NoSuchElementException: no such element: Unable to locate element: {"method":"xpath","selector":"(//a[text()='My Account'])[2]"}
  (Session info: chrome=85.0.4183.83)
For documentation on this error, please visit: https://www.seleniumhq.org/exceptions/no_such_element.html
Build info: version: '3.141.59', revision: 'e82be7d358', time: '2018-11-14T08:17:03'
System info: host: 'LAPTOP-64JMFN9V', ip: '192.168.0.103', os.name: 'Windows 10', os.arch: 'amd64', os.version: '10.0', java.version: '1.8.0_181'
Driver info: org.openqa.selenium.chrome.ChromeDriver
Capabilities {acceptInsecureCerts: false, browserName: chrome, browserVersion: 85.0.4183.83, chrome: {chromedriverVersion: 85.0.4183.87 (cd6713ebf92fa..., userDataDir: C:\Users\Honey\AppData\Loca...}, goog:chromeOptions: {debuggerAddress: localhost:57549}, javascriptEnabled: true, networkConnectionEnabled: false, pageLoadStrategy: normal, platform: WINDOWS, platformName: WINDOWS, proxy: Proxy(), setWindowRect: true, strictFileInteractability: false, timeouts: {implicit: 0, pageLoad: 300000, script: 30000}, unhandledPromptBehavior: dismiss and notify, webauthn:virtualAuthenticators: true}
Session ID: 5301f777e914bbacaf6aee8f6455a26e
*** Element info: {Using=xpath, value=(//a[text()='My Account'])[2]}
at org.openqa.selenium.remote.http.W3CHttpResponseCodec.createException(W3CHttpResponseCodec.java:187)
at org.openqa.selenium.remote.http.W3CHttpResponseCodec.decode(W3CHttpResponseCodec.java:122)
at org.openqa.selenium.remote.http.W3CHttpResponseCodec.decode(W3CHttpResponseCodec.java:49)
at org.openqa.selenium.remote.HttpCommandExecutor.execute(HttpCommandExecutor.java:158)
at org.openqa.selenium.remote.service.DriverCommandExecutor.execute(DriverCommandExecutor.java:83)
at org.openqa.selenium.remote.RemoteWebDriver.execute(RemoteWebDriver.java:552)
at org.openqa.selenium.remote.RemoteWebDriver.findElement(RemoteWebDriver.java:323)
at org.openqa.selenium.remote.RemoteWebDriver.findElementByXPath(RemoteWebDriver.java:428)
at org.openqa.selenium.By$ByXPath.findElement(By.java:353)
at org.openqa.selenium.remote.RemoteWebDriver.findElement(RemoteWebDriver.java:315)
at com.droom.automation.lib.SeleniumWrapper.verifyByText(SeleniumWrapper.java:341)
at com.droom.automation.page.droomweb.GermShieldForHomePage.getGermShieldPage(GermShieldForHomePage.java:78)
at com.droom.automation.page.droomweb.GermShieldForHomePage.germShieldValidationForHomeAsFarmhouse(GermShieldForHomePage.java:246)
at com.droom.automation.droomweb.droomweb_prod.BuyGermShieldServiceTest.buyGermShieldForHomeAsFarmhouse(BuyGermShieldServiceTest.java:186)
at java.util.ArrayList.forEach(ArrayList.java:1257)
... Removed 31 stack frames]]>
    </failure>
  </testcase> <!-- buyGermShieldForHomeAsFarmhouse -->
  <testcase name="buyGermShieldForOfficeAsIndependentBuilding" time="51.195" classname="com.droom.automation.droomweb.droomweb_prod.BuyGermShieldServiceTest"/>
  <testcase name="buyGermShieldForOfficeAsHighRiseBuilding" time="35.771" classname="com.droom.automation.droomweb.droomweb_prod.BuyGermShieldServiceTest">
    <failure type="org.openqa.selenium.NoSuchElementException" message="no such element: Unable to locate element: {&amp;quot;method&amp;quot;:&amp;quot;xpath&amp;quot;,&amp;quot;selector&amp;quot;:&amp;quot;(//a[text()=&amp;apos;My Account&amp;apos;])[2]&amp;quot;}
  (Session info: chrome=85.0.4183.83)
For documentation on this error, please visit: https://www.seleniumhq.org/exceptions/no_such_element.html
Build info: version: &amp;apos;3.141.59&amp;apos;, revision: &amp;apos;e82be7d358&amp;apos;, time: &amp;apos;2018-11-14T08:17:03&amp;apos;
System info: host: &amp;apos;LAPTOP-64JMFN9V&amp;apos;, ip: &amp;apos;192.168.0.103&amp;apos;, os.name: &amp;apos;Windows 10&amp;apos;, os.arch: &amp;apos;amd64&amp;apos;, os.version: &amp;apos;10.0&amp;apos;, java.version: &amp;apos;1.8.0_181&amp;apos;
Driver info: org.openqa.selenium.chrome.ChromeDriver
Capabilities {acceptInsecureCerts: false, browserName: chrome, browserVersion: 85.0.4183.83, chrome: {chromedriverVersion: 85.0.4183.87 (cd6713ebf92fa..., userDataDir: C:\Users\Honey\AppData\Loca...}, goog:chromeOptions: {debuggerAddress: localhost:57733}, javascriptEnabled: true, networkConnectionEnabled: false, pageLoadStrategy: normal, platform: WINDOWS, platformName: WINDOWS, proxy: Proxy(), setWindowRect: true, strictFileInteractability: false, timeouts: {implicit: 0, pageLoad: 300000, script: 30000}, unhandledPromptBehavior: dismiss and notify, webauthn:virtualAuthenticators: true}
Session ID: 2bf75971125ec966ab965799b55c43b8
*** Element info: {Using=xpath, value=(//a[text()=&amp;apos;My Account&amp;apos;])[2]}">
      <![CDATA[org.openqa.selenium.NoSuchElementException: no such element: Unable to locate element: {"method":"xpath","selector":"(//a[text()='My Account'])[2]"}
  (Session info: chrome=85.0.4183.83)
For documentation on this error, please visit: https://www.seleniumhq.org/exceptions/no_such_element.html
Build info: version: '3.141.59', revision: 'e82be7d358', time: '2018-11-14T08:17:03'
System info: host: 'LAPTOP-64JMFN9V', ip: '192.168.0.103', os.name: 'Windows 10', os.arch: 'amd64', os.version: '10.0', java.version: '1.8.0_181'
Driver info: org.openqa.selenium.chrome.ChromeDriver
Capabilities {acceptInsecureCerts: false, browserName: chrome, browserVersion: 85.0.4183.83, chrome: {chromedriverVersion: 85.0.4183.87 (cd6713ebf92fa..., userDataDir: C:\Users\Honey\AppData\Loca...}, goog:chromeOptions: {debuggerAddress: localhost:57733}, javascriptEnabled: true, networkConnectionEnabled: false, pageLoadStrategy: normal, platform: WINDOWS, platformName: WINDOWS, proxy: Proxy(), setWindowRect: true, strictFileInteractability: false, timeouts: {implicit: 0, pageLoad: 300000, script: 30000}, unhandledPromptBehavior: dismiss and notify, webauthn:virtualAuthenticators: true}
Session ID: 2bf75971125ec966ab965799b55c43b8
*** Element info: {Using=xpath, value=(//a[text()='My Account'])[2]}
at org.openqa.selenium.remote.http.W3CHttpResponseCodec.createException(W3CHttpResponseCodec.java:187)
at org.openqa.selenium.remote.http.W3CHttpResponseCodec.decode(W3CHttpResponseCodec.java:122)
at org.openqa.selenium.remote.http.W3CHttpResponseCodec.decode(W3CHttpResponseCodec.java:49)
at org.openqa.selenium.remote.HttpCommandExecutor.execute(HttpCommandExecutor.java:158)
at org.openqa.selenium.remote.service.DriverCommandExecutor.execute(DriverCommandExecutor.java:83)
at org.openqa.selenium.remote.RemoteWebDriver.execute(RemoteWebDriver.java:552)
at org.openqa.selenium.remote.RemoteWebDriver.findElement(RemoteWebDriver.java:323)
at org.openqa.selenium.remote.RemoteWebDriver.findElementByXPath(RemoteWebDriver.java:428)
at org.openqa.selenium.By$ByXPath.findElement(By.java:353)
at org.openqa.selenium.remote.RemoteWebDriver.findElement(RemoteWebDriver.java:315)
at com.droom.automation.lib.SeleniumWrapper.verifyByText(SeleniumWrapper.java:341)
at com.droom.automation.page.droomweb.GermShieldForHomePage.getGermShieldPage(GermShieldForHomePage.java:78)
at com.droom.automation.page.droomweb.GermShieldForOfficePage.germShieldValidationForHomeAsHighRiseBuilding(GermShieldForOfficePage.java:94)
at com.droom.automation.droomweb.droomweb_prod.BuyGermShieldServiceTest.buyGermShieldForOfficeAsHighRiseBuilding(BuyGermShieldServiceTest.java:210)
at java.util.ArrayList.forEach(ArrayList.java:1257)
... Removed 31 stack frames]]>
    </failure>
  </testcase> <!-- buyGermShieldForOfficeAsHighRiseBuilding -->
  <testcase name="buyGermShieldForOfficeAsCoWorkingSpace" time="50.594" classname="com.droom.automation.droomweb.droomweb_prod.BuyGermShieldServiceTest"/>
  <testcase name="buyGermShieldForHeavyTransportAsPlane" time="55.545" classname="com.droom.automation.droomweb.droomweb_prod.BuyGermShieldServiceTest"/>
  <testcase name="buyGermShieldForHeavyTransportAsHelicopter" time="75.408" classname="com.droom.automation.droomweb.droomweb_prod.BuyGermShieldServiceTest"/>
  <testcase name="buyGermShieldForHeavyTransportAsTrain" time="53.275" classname="com.droom.automation.droomweb.droomweb_prod.BuyGermShieldServiceTest"/>
  <testcase name="validatAlreadyRegisteredBuyerAsNewCar" time="34.383" classname="com.droom.automation.droomweb.droomweb_prod.SubmitRequirementTest"/>
  <testcase name="validatAlreadyRegisteredBuyerAsNewMotorCycleOrBike" time="36.307" classname="com.droom.automation.droomweb.droomweb_prod.SubmitRequirementTest"/>
  <testcase name="validatAlreadyRegisteredBuyerAsNewScooter" time="34.857" classname="com.droom.automation.droomweb.droomweb_prod.SubmitRequirementTest"/>
  <testcase name="validatAlreadyRegisteredBuyerAsNewTaxi" time="26.753" classname="com.droom.automation.droomweb.droomweb_prod.SubmitRequirementTest">
    <failure type="org.openqa.selenium.ElementNotInteractableException" message="element not interactable: Element is not currently visible and may not be manipulated
  (Session info: chrome=85.0.4183.83)
Build info: version: &amp;apos;3.141.59&amp;apos;, revision: &amp;apos;e82be7d358&amp;apos;, time: &amp;apos;2018-11-14T08:17:03&amp;apos;
System info: host: &amp;apos;LAPTOP-64JMFN9V&amp;apos;, ip: &amp;apos;192.168.0.103&amp;apos;, os.name: &amp;apos;Windows 10&amp;apos;, os.arch: &amp;apos;amd64&amp;apos;, os.version: &amp;apos;10.0&amp;apos;, java.version: &amp;apos;1.8.0_181&amp;apos;
Driver info: org.openqa.selenium.chrome.ChromeDriver
[...]
  <testcase name="validatAlreadyRegisteredBuyerAsUsedScooter" time="32.777" classname="com.droom.automation.droomweb.droomweb_prod.SubmitRequirementTest">
    <failure type="java.lang.AssertionError" message="did not expect to find [true] but found [false]">
      <![CDATA[java.lang.AssertionError: did not expect to find [true] but found [false]
at com.droom.automation.lib.SeleniumWrapper.verifyByContains(SeleniumWrapper.java:350)
at com.droom.automation.page.droomweb.SubmitRequirementPage.howQuicklyPopup(SubmitRequirementPage.java:251)
at com.droom.automation.page.droomweb.SubmitRequirementPage.commonMethodForCarBikeScootyTaxi(SubmitRequirementPage.java:319)
at com.droom.automation.droomweb.droomweb_prod.SubmitRequirementTest.validatAlreadyRegisteredBuyerAsUsedScooter(SubmitRequirementTest.java:178)
at java.util.ArrayList.forEach(ArrayList.java:1257)
... Removed 31 stack frames]]>
    </failure>
  </testcase> <!-- validatAlreadyRegisteredBuyerAsUsedScooter -->
  <testcase name="validatAlreadyRegisteredBuyerAsUsedTaxi" time="40.367" classname="com.droom.automation.droomweb.droomweb_prod.SubmitRequirementTest"/>
  <testcase name="validateSubmitRequirementWithBuyAutomobileServicesAsRegistrationTransferServiceAsCar" time="14.196" classname="com.droom.automation.droomweb.droomweb_prod.SubmitRequirementTest"/>
  <testcase name="validateSubmitRequirementWithBuyAutomobileServicesAsRegistrationTransferServiceAsMotorCycleOrBike" time="14.133" classname="com.droom.automation.droomweb.droomweb_prod.SubmitRequirementTest"/>
  <testcase name="validateSubmitRequirementWithBuyAutomobileServicesAsRegistrationTransferServiceAsScooter" time="15.532" classname="com.droom.automation.droomweb.droomweb_prod.SubmitRequirementTest"/>
  <testcase name="validateSubmitRequirementWithBuyAutomobileServicesAsRegistrationTransferServiceAsTaxi" time="7.163" classname="com.droom.automation.droomweb.droomweb_prod.SubmitRequirementTest">
    <failure type="java.lang.AssertionError" message="did not expect to find [true] but found [false]">
      <![CDATA[java.lang.AssertionError: did not expect to find [true] but found [false]
at com.droom.automation.lib.SeleniumWrapper.verifyByContains(SeleniumWrapper.java:350)
at com.droom.automation.page.droomweb.SubmitRequirementPage.selectForBuy(SubmitRequirementPage.java:53)
at com.droom.automation.droomweb.droomweb_prod.SubmitRequirementTest.validateSubmitRequirementWithBuyAutomobileServicesAsRegistrationTransferServiceAsTaxi(SubmitRequirementTest.java:265)
at java.util.ArrayList.forEach(ArrayList.java:1257)
... Removed 31 stack frames]]>
    </failure>
  </testcase> <!-- validateSubmitRequirementWithBuyAutomobileServicesAsRegistrationTransferServiceAsTaxi -->
  <testcase name="validateSubmitRequirementWithBuyAutomobileServicesAsRepairAndMaintenanceAsCar" time="15.998" classname="com.droom.automation.droomweb.droomweb_prod.SubmitRequirementTest"/>
  <testcase name="validateSubmitRequirementWithBuyAutomobileServicesAsRepairAndMaintenanceAsMotorCycleOrBike" time="14.383" classname="com.droom.automation.droomweb.droomweb_prod.SubmitRequirementTest"/>
  <testcase name="validateSubmitRequirementWithBuyAutomobileServicesAsRepairAndMaintenanceAsScooter" time="15.527" classname="com.droom.automation.droomweb.droomweb_prod.SubmitRequirementTest"/>
  <testcase name="validateSubmitRequirementWithBuyAutomobileServicesAsRepairAndMaintenanceAsTaxi" time="14.19" classname="com.droom.automation.droomweb.droomweb_prod.SubmitRequirementTest"/>
  <testcase name="validateSubmitRequirementWithBuyAutomobileServicesAsWarrantyAsCar" time="15.528" classname="com.droom.automation.droomweb.droomweb_prod.SubmitRequirementTest"/>
  <testcase name="validateSubmitRequirementWithBuyAutomobileServicesAsWarrantyAsMotorCycleOrBike" time="14.267" classname="com.droom.automation.droomweb.droomweb_prod.SubmitRequirementTest"/>
  <testcase name="validateSubmitRequirementWithBuyAutomobileServicesAsWarrantyAsScooter" time="14.191" classname="com.droom.automation.droomweb.droomweb_prod.SubmitRequirementTest"/>
  <testcase name="validateSubmitRequirementWithBuyAutomobileServicesAsWarrantyAsTaxi" time="17.571" classname="com.droom.automation.droomweb.droomweb_prod.SubmitRequirementTest">
    <failure type="java.lang.AssertionError" message="did not expect to find [true] but found [false]">
      <![CDATA[java.lang.AssertionError: did not expect to find [true] but found [false]
at com.droom.automation.lib.SeleniumWrapper.verifyByContains(SeleniumWrapper.java:350)
at com.droom.automation.page.droomweb.SubmitRequirementPage.msgAsThankYou(SubmitRequirementPage.java:324)
at com.droom.automation.droomweb.droomweb_prod.SubmitRequirementTest.validateSubmitRequirementWithBuyAutomobileServicesAsWarrantyAsTaxi(SubmitRequirementTest.java:410)
at java.util.ArrayList.forEach(ArrayList.java:1257)
... Removed 31 stack frames]]>
    </failure>
  </testcase> <!-- validateSubmitRequirementWithBuyAutomobileServicesAsWarrantyAsTaxi -->
  <testcase name="validateSubmitRequirementWithBuyAutomobileServicesAsRoadSideAssistanceAsCar" time="14.204" classname="com.droom.automation.droomweb.droomweb_prod.SubmitRequirementTest"/>
  <testcase name="validateSubmitRequirementWithBuyAutomobileServicesAsRoadSideAssistanceAsMotorCycleOrBike" time="14.221" classname="com.droom.automation.droomweb.droomweb_prod.SubmitRequirementTest"/>
  <testcase name="validateSubmitRequirementWithBuyAutomobileServicesAsRoadSideAssistanceAsScooter" time="14.208" classname="com.droom.automation.droomweb.droomweb_prod.SubmitRequirementTest"/>
  <testcase name="validateSubmitRequirementWithBuyAutomobileServicesAsRoadSideAssistanceAsTaxi" time="14.199" classname="com.droom.automation.droomweb.droomweb_prod.SubmitRequirementTest"/>
  <testcase name="validateSubmitRequirementWithBuyAutomobileServicesAsDentingAndPaintingAsCar" time="15.805" classname="com.droom.automation.droomweb.droomweb_prod.SubmitRequirementTest"/>
  <testcase name="validateSubmitRequirementWithBuyAutomobileServicesAsDentingAndPaintingAsMotorCycleOrBike" time="14.224" classname="com.droom.automation.droomweb.droomweb_prod.SubmitRequirementTest"/>
  <testcase name="validateSubmitRequirementWithBuyAutomobileServicesAsDentingAndPaintingAsScooter" time="14.157" classname="com.droom.automation.droomweb.droomweb_prod.SubmitRequirementTest"/>
  <testcase name="validateSubmitRequirementWithBuyAutomobileServicesAsDentingAndPaintingAsTaxi" time="14.294" classname="com.droom.automation.droomweb.droomweb_prod.SubmitRequirementTest"/>
  <testcase name="validateSubmitRequirementWithBuyAutomobileServicesAsCarCareAndDetailingAsCar" time="15.923" classname="com.droom.automation.droomweb.droomweb_prod.SubmitRequirementTest"/>
  <testcase name="validateSubmitRequirementWithBuyAutomobileServicesAsCarCareAndDetailingAsMotorCycleOrBike" time="14.294" classname="com.droom.automation.droomweb.droomweb_prod.SubmitRequirementTest"/>
  <testcase name="validateSubmitRequirementWithBuyAutomobileServicesAsCarCareAndDetailingAsScooter" time="14.209" classname="com.droom.automation.droomweb.droomweb_prod.SubmitRequirementTest"/>
  <testcase name="validateSubmitRequirementWithBuyAutomobileServicesAsCarCareAndDetailingAsTaxi" time="14.239" classname="com.droom.automation.droomweb.droomweb_prod.SubmitRequirementTest"/>
  <testcase name="serachForVehicleValidationAsLoggedInUser" time="54.108" classname="com.droom.automation.droomweb.droomweb_prod.SearchFeatureTest"/>
  <testcase name="serachForBikeValidationAsLoggedInUser" time="45.284" classname="com.droom.automation.droomweb.droomweb_prod.SearchFeatureTest"/>
  <testcase name="serachForScooterValidationAsLoggedInUserAtCheckout" time="40.351" classname="com.droom.automation.droomweb.droomweb_prod.SearchFeatureTest"/>
  <testcase name="serachForVehicleValidation" time="73.558" classname="com.droom.automation.droomweb.droomweb_prod.SearchFeatureTest">
    <failure type="org.openqa.selenium.NoSuchElementException" message="no such element: Unable to locate element: {&amp;quot;method&amp;quot;:&amp;quot;xpath&amp;quot;,&amp;quot;selector&amp;quot;:&amp;quot;//a[text()=&amp;apos;Continue to Addresses&amp;apos;]&amp;quot;}
  (Session info: chrome=85.0.4183.83)
For documentation on this error, please visit: https://www.seleniumhq.org/exceptions/no_such_element.html
Build info: version: &amp;apos;3.141.59&amp;apos;, revision: &amp;apos;e82be7d358&amp;apos;, time: &amp;apos;2018-11-14T08:17:03&amp;apos;
System info: host: &amp;apos;LAPTOP-64JMFN9V&amp;apos;, ip: &amp;apos;192.168.0.103&amp;apos;, os.name: &amp;apos;Windows 10&amp;apos;, os.arch: &amp;apos;amd64&amp;apos;, os.version: &amp;apos;10.0&amp;apos;, java.version: &amp;apos;1.8.0_181&amp;apos;
Driver info: org.openqa.selenium.chrome.ChromeDriver
Capabilities {acceptInsecureCerts: false, browserName: chrome, browserVersion: 85.0.4183.83, chrome: {chromedriverVersion: 85.0.4183.87 (cd6713ebf92fa..., userDataDir: C:\Users\Honey\AppData\Loca...}, goog:chromeOptions: {debuggerAddress: localhost:60473}, javascriptEnabled: true, networkConnectionEnabled: false, pageLoadStrategy: normal, platform: WINDOWS, platformName: WINDOWS, proxy: Proxy(), setWindowRect: true, strictFileInteractability: false, timeouts: {implicit: 0, pageLoad: 300000, script: 30000}, unhandledPromptBehavior: dismiss and notify, webauthn:virtualAuthenticators: true}
Session ID: 286814273259055a09736d9ee917e211
*** Element info: {Using=xpath, value=//a[text()=&amp;apos;Continue to Addresses&amp;apos;]}">
      <![CDATA[org.openqa.selenium.NoSuchElementException: no such element: Unable to locate element: {"method":"xpath","selector":"//a[text()='Continue to Addresses']"}
  (Session info: chrome=85.0.4183.83)
For documentation on this error, please visit: https://www.seleniumhq.org/exceptions/no_such_element.html
Build info: version: '3.141.59', revision: 'e82be7d358', time: '2018-11-14T08:17:03'
System info: host: 'LAPTOP-64JMFN9V', ip: '192.168.0.103', os.name: 'Windows 10', os.arch: 'amd64', os.version: '10.0', java.version: '1.8.0_181'
Driver info: org.openqa.selenium.chrome.ChromeDriver
Capabilities {acceptInsecureCerts: false, browserName: chrome, browserVersion: 85.0.4183.83, chrome: {chromedriverVersion: 85.0.4183.87 (cd6713ebf92fa..., userDataDir: C:\Users\Honey\AppData\Loca...}, goog:chromeOptions: {debuggerAddress: localhost:60473}, javascriptEnabled: true, networkConnectionEnabled: false, pageLoadStrategy: normal, platform: WINDOWS, platformName: WINDOWS, proxy: Proxy(), setWindowRect: true, strictFileInteractability: false, timeouts: {implicit: 0, pageLoad: 300000, script: 30000}, unhandledPromptBehavior: dismiss and notify, webauthn:virtualAuthenticators: true}
Session ID: 286814273259055a09736d9ee917e211
*** Element info: {Using=xpath, value=//a[text()='Continue to Addresses']}
at org.openqa.selenium.remote.http.W3CHttpResponseCodec.createException(W3CHttpResponseCodec.java:187)
at org.openqa.selenium.remote.http.W3CHttpResponseCodec.decode(W3CHttpResponseCodec.java:122)
at org.openqa.selenium.remote.http.W3CHttpResponseCodec.decode(W3CHttpResponseCodec.java:49)
at org.openqa.selenium.remote.HttpCommandExecutor.execute(HttpCommandExecutor.java:158)
at org.openqa.selenium.remote.service.DriverCommandExecutor.execute(DriverCommandExecutor.java:83)
at org.openqa.selenium.remote.RemoteWebDriver.execute(RemoteWebDriver.java:552)
at org.openqa.selenium.remote.RemoteWebDriver.findElement(RemoteWebDriver.java:323)
at org.openqa.selenium.remote.RemoteWebDriver.findElementByXPath(RemoteWebDriver.java:428)
at org.openqa.selenium.By$ByXPath.findElement(By.java:353)
at org.openqa.selenium.remote.RemoteWebDriver.findElement(RemoteWebDriver.java:315)
at com.droom.automation.lib.SeleniumWrapper.verifyByText(SeleniumWrapper.java:341)
at com.droom.automation.page.droomweb.PaymentPage.continueToAddressToContinueToPayment(PaymentPage.java:30)
at com.droom.automation.page.droomweb.SearchFeaturePage.searchForScooterAsFBLoggedInUser(SearchFeaturePage.java:124)
at com.droom.automation.droomweb.droomweb_prod.SearchFeatureTest.serachForVehicleValidation(SearchFeatureTest.java:44)
at java.util.ArrayList.forEach(ArrayList.java:1257)
... Removed 30 stack frames]]>
    </failure>
  </testcase> <!-- serachForVehicleValidation -->
  <testcase name="registerForFranchise" time="15.172" classname="com.droom.automation.droomweb.droomweb_prod.FranchiseTest"/>
  <testcase name="paymentAmountForSignUpAsFranchise" time="32.575" classname="com.droom.automation.droomweb.droomweb_prod.FranchiseTest"/>
  <testcase name="paymentAmountForBookingCityAsFranchise" time="31.94" classname="com.droom.automation.droomweb.droomweb_prod.FranchiseTest"/>
  <testcase name="getSiteFranchiseAsUpFrontPaymentForOneMonth" time="32.057" classname="com.droom.automation.droomweb.droomweb_prod.FranchiseTest"/>
  <testcase name="getSiteFranchiseAsUpFrontPaymentForThreeMonth" time="31.919" classname="com.droom.automation.droomweb.droomweb_prod.FranchiseTest"/>
  <testcase name="getSiteFranchiseAsUpFrontPaymentForSixMonth" time="30.82" classname="com.droom.automation.droomweb.droomweb_prod.FranchiseTest"/>
  <testcase name="getSiteFranchiseAsEMIForOneMonth" time="30.724" classname="com.droom.automation.droomweb.droomweb_prod.FranchiseTest"/>
  <testcase name="getSiteFranchiseAsEMIForThreeMonth" time="31.785" classname="com.droom.automation.droomweb.droomweb_prod.FranchiseTest"/>
  <testcase name="getSiteFranchiseAsEMIForSixMonth" time="31.821" classname="com.droom.automation.droomweb.droomweb_prod.FranchiseTest"/>
  <testcase name="getEnterpriseFranchiseAsUpFrontPaymentForOneMonth" time="0.0" classname="com.droom.automation.droomweb.droomweb_prod.FranchiseTest">
    <skipped/>
  </testcase> <!-- getEnterpriseFranchiseAsUpFrontPaymentForOneMonth -->
  <testcase name="getEnterpriseFranchiseAsUpFrontPaymentForThreeMonth" time="0.0" classname="com.droom.automation.droomweb.droomweb_prod.FranchiseTest">
    <skipped/>
  </testcase> <!-- getEnterpriseFranchiseAsUpFrontPaymentForThreeMonth -->
  <testcase name="getEnterpriseFranchiseAsUpFrontPaymentForSixMonth" time="0.0" classname="com.droom.automation.droomweb.droomweb_prod.FranchiseTest">
    <skipped/>
  </testcase> <!-- getEnterpriseFranchiseAsUpFrontPaymentForSixMonth -->
  <testcase name="ValidatingFranchiseDashboard" time="0.0" classname="com.droom.automation.droomweb.droomweb_prod.FranchiseTest">
    <skipped/>
  </testcase> <!-- ValidatingFranchiseDashboard -->
  <testcase name="ValidatingFranchiseMyOrdersAsAutomobileGermShield" time="0.0" classname="com.droom.automation.droomweb.droomweb_prod.FranchiseTest">
    <skipped/>
  </testcase> <!-- ValidatingFranchiseMyOrdersAsAutomobileGermShield -->
  <testcase name="ValidatingFranchiseMyOrdersAsFacilityGermShield" time="0.0" classname="com.droom.automation.droomweb.droomweb_prod.FranchiseTest">
    <skipped/>
  </testcase> <!-- ValidatingFranchiseMyOrdersAsFacilityGermShield -->
  <testcase name="ValidatingFranchiseMyOrdersAsElevatorGermShield" time="0.0" classname="com.droom.automation.droomweb.droomweb_prod.FranchiseTest">
    <skipped/>
  </testcase> <!-- ValidatingFranchiseMyOrdersAsElevatorGermShield -->
  <testcase name="ValidatingFranchiseMyOrdersAsJumpstartService" time="0.0" classname="com.droom.automation.droomweb.droomweb_prod.FranchiseTest">
    <skipped/>
  </testcase> <!-- ValidatingFranchiseMyOrdersAsJumpstartService -->
  <testcase name="ValidatingFranchiseMyOrdersAsBigTransport" time="0.0" classname="com.droom.automation.droomweb.droomweb_prod.FranchiseTest">
    <skipped/>
  </testcase> <!-- ValidatingFranchiseMyOrdersAsBigTransport -->
  <testcase name="RegisteringBuyerAsAutomobileGermShield" time="0.0" classname="com.droom.automation.droomweb.droomweb_prod.FranchiseTest">
    <skipped/>
  </testcase> <!-- RegisteringBuyerAsAutomobileGermShield -->
  <testcase name="RegisteringBuyerAsFacilityGermShield" time="0.0" classname="com.droom.automation.droomweb.droomweb_prod.FranchiseTest">
    <skipped/>
  </testcase> <!-- RegisteringBuyerAsFacilityGermShield -->
  <testcase name="RegisteringBuyerAsElevatorGermShield" time="0.0" classname="com.droom.automation.droomweb.droomweb_prod.FranchiseTest">
    <skipped/>
  </testcase> <!-- RegisteringBuyerAsElevatorGermShield -->
  <testcase name="RegisteringBuyerAsJumpstartService" time="0.0" classname="com.droom.automation.droomweb.droomweb_prod.FranchiseTest">
    <skipped/>
  </testcase> <!-- RegisteringBuyerAsJumpstartService -->
  <testcase name="RegisteringBuyerAsBigTransport" time="0.0" classname="com.droom.automation.droomweb.droomweb_prod.FranchiseTest">
    <skipped/>
  </testcase> <!-- RegisteringBuyerAsBigTransport -->
  <testcase name="createNormalListingAsLoggedInUser" time="145.992" classname="com.droom.automation.droomweb.droomweb_prod.CreateListingTest"/>
  <testcase name="createPremiumListingAsLoggedInUser" time="0.0" classname="com.droom.automation.droomweb.droomweb_prod.CreateListingTest">
    <skipped/>
  </testcase> <!-- createPremiumListingAsLoggedInUser -->
  <testcase name="createConciergeListingAsLoggedInUser" time="0.0" classname="com.droom.automation.droomweb.droomweb_prod.CreateListingTest">
    <skipped/>
  </testcase> <!-- createConciergeListingAsLoggedInUser -->
  <testcase name="buyRTOServiceAsLoggedInUser" time="57.041" classname="com.droom.automation.droomweb.droomweb_prod.BuyFeatureTest"/>
  <testcase name="buyJumpstartServiceAsLoggedInUser" time="47.884" classname="com.droom.automation.droomweb.droomweb_prod.BuyFeatureTest"/>
  <testcase name="buyCarCareAndDetailingAsLoggedInUser" time="52.534" classname="com.droom.automation.droomweb.droomweb_prod.BuyFeatureTest"/>
  <testcase name="buyRTOServiceAsLoggedInLater" time="56.815" classname="com.droom.automation.droomweb.droomweb_prod.BuyFeatureTest"/>
  <testcase name="@BeforeTest beforeTest" time="0.0" classname="com.droom.automation.lib.AbstractBaseTest">
    <ignored/>
  </testcase> <!-- @BeforeTest beforeTest -->
  <testcase name="@BeforeTest beforeTest" time="0.0" classname="com.droom.automation.lib.AbstractBaseTest">
    <ignored/>
  </testcase> <!-- @BeforeTest beforeTest -->
  <testcase name="@BeforeTest beforeTest" time="0.0" classname="com.droom.automation.lib.AbstractBaseTest">
    <ignored/>
  </testcase> <!-- @BeforeTest beforeTest -->
  <testcase name="@BeforeTest beforeTest" time="0.0" classname="com.droom.automation.lib.AbstractBaseTest">
    <ignored/>
  </testcase> <!-- @BeforeTest beforeTest -->
  <testcase name="@BeforeTest beforeTest" time="0.0" classname="com.droom.automation.lib.AbstractBaseTest">
    <ignored/>
  </testcase> <!-- @BeforeTest beforeTest -->
  <testcase name="@BeforeTest beforeTest" time="0.0" classname="com.droom.automation.lib.AbstractBaseTest">
    <ignored/>
  </testcase> <!-- @BeforeTest beforeTest -->
  <testcase name="@BeforeSuite beforeSuite" time="0.0" classname="com.droom.automation.lib.AbstractBaseTest">
    <ignored/>
  </testcase> <!-- @BeforeSuite beforeSuite -->
  <testcase name="@BeforeSuite beforeSuite" time="0.0" classname="com.droom.automation.lib.AbstractBaseTest">
    <ignored/>
  </testcase> <!-- @BeforeSuite beforeSuite -->
  <testcase name="@BeforeSuite beforeSuite" time="0.0" classname="com.droom.automation.lib.AbstractBaseTest">
    <ignored/>
  </testcase> <!-- @BeforeSuite beforeSuite -->
  <testcase name="@BeforeSuite beforeSuite" time="0.0" classname="com.droom.automation.lib.AbstractBaseTest">
    <ignored/>
  </testcase> <!-- @BeforeSuite beforeSuite -->
  <testcase name="@BeforeSuite beforeSuite" time="0.0" classname="com.droom.automation.lib.AbstractBaseTest">
    <ignored/>
  </testcase> <!-- @BeforeSuite beforeSuite -->
  <testcase name="@BeforeSuite beforeSuite" time="0.0" classname="com.droom.automation.lib.AbstractBaseTest">
    <ignored/>
  </testcase> <!-- @BeforeSuite beforeSuite -->
</testsuite> <!-- Test -->
