<?xml version="1.0" encoding="UTF-8"?>
<testsuite xmlns:xsi="http://www.w3.org/2001/XMLSchema-instance" xsi:noNamespaceSchemaLocation="https://maven.apache.org/surefire/maven-surefire-plugin/xsd/surefire-test-report-3.0.xsd" version="3.0" name="TestSuite" time="476.866" tests="10" errors="0" skipped="0" failures="0">
  <properties>
[...]
</properties>
  <testcase name="loginAsIndividualUserViaPassword" classname="com.droom.automation.UserLoginTest" time="32.795">
    <system-out><![CDATA[Info : Page load completed Successfully ..
My Account is displaying hence verified
]]></system-out>
    <system-err><![CDATA[Jul 24, 2020 6:12:47 PM com.droom.automation.lib.AbstractBaseTest beforeSuite
INFO: IN BEFORE SUITE ======>
Jul 24, 2020 6:12:47 PM com.droom.automation.lib.AbstractBaseTest beforeTest
INFO: IN BEFORE TEST ======>
Jul 24, 2020 6:12:47 PM com.droom.automation.lib.AbstractBaseTest beforeTest
INFO: -------------- Before Test -----------------
Jul 24, 2020 6:12:47 PM com.droom.automation.lib.AbstractBaseTest init
INFO: IN BEFORE METHOD ======>
Jul 24, 2020 6:12:47 PM java.util.prefs.WindowsPreferences <init>
WARNING: Could not open/create prefs root node Software\JavaSoft\Prefs at root 0x80000002. Windows RegCreateKeyEx(...) returned error code 5.
Jul 24, 2020 6:12:48 PM io.github.bonigarcia.wdm.WebDriverManager detectDriverVersionFromBrowser
INFO: Using chromedriver 84.0.4147.30 (since Google Chrome 84 is installed in your machine)
Jul 24, 2020 6:12:48 PM io.github.bonigarcia.wdm.WebDriverManager exportDriver
INFO: Exporting webdriver.chrome.driver as C:\Users\Honey\.m2\repository\webdriver\chromedriver\win32\84.0.4147.30\chromedriver.exe
Jul 24, 2020 6:12:48 PM com.droom.automation.lib.WebDriverFactory getChromeDriver
INFO: SET THE DOWNLOAD DIRECTORY
Jul 24, 2020 6:12:48 PM com.droom.automation.lib.WebDriverFactory getChromeDriver
INFO: SET THE BROWSER CAPABILITIES
Jul 24, 2020 6:12:48 PM com.droom.automation.lib.WebDriverFactory getChromeDriver
INFO: Instantiating a Driver to Chrome
Starting ChromeDriver 83.0.4103.39 (ccbf011cb2d2b19b506d844400483861342c20cd-refs/branch-heads/4103@{#416}) on port 44650
Only local connections are allowed.
Please see https://chromedriver.chromium.org/security-considerations for suggestions on keeping ChromeDriver safe.
ChromeDriver was started successfully.
[1595594570.823][WARNING]: This version of ChromeDriver has not been tested with Chrome version 84.
Jul 24, 2020 6:12:52 PM org.openqa.selenium.remote.ProtocolHandshake createSession
INFO: Detected dialect: W3C
Jul 24, 2020 6:12:54 PM com.droom.automation.lib.WebDriverFactory getWebDriverInstance
INFO: configure remote driver with machine ip-address
Jul 24, 2020 6:12:54 PM com.droom.automation.lib.WebDriverFactory startDriver
INFO: Info : ...... Start opening application in browser .....
]]></system-err>
  </testcase>
  <testcase name="inValidIDloginAsIndividualUserViaPassword" classname="com.droom.automation.UserLoginTest" time="9.914">
    <system-out><![CDATA[Info : Page load completed Successfully ..
Incorrect Email or Password is displaying hence verified
]]></system-out>
    <system-err><![CDATA[Jul 24, 2020 6:13:50 PM com.droom.automation.lib.AbstractBaseTest afterMethod
INFO: IN AFTER METHOD ======>
Jul 24, 2020 6:13:50 PM com.droom.automation.lib.AbstractBaseTest afterMethod
INFO: QUIT DRIVER
Jul 24, 2020 6:13:50 PM com.droom.automation.lib.WebDriverFactory closeDriver
INFO: Closing browser and application ...
Jul 24, 2020 6:13:51 PM com.droom.automation.lib.WebDriverFactory closeDriver
INFO: WEBDRIVER SET TO NULL
Jul 24, 2020 6:13:51 PM com.droom.automation.lib.AbstractBaseTest init
INFO: IN BEFORE METHOD ======>
Jul 24, 2020 6:13:51 PM io.github.bonigarcia.wdm.WebDriverManager detectDriverVersionFromBrowser
INFO: Using chromedriver 84.0.4147.30 (since Google Chrome 84 is installed in your machine)
Jul 24, 2020 6:13:51 PM io.github.bonigarcia.wdm.WebDriverManager exportDriver
INFO: Exporting webdriver.chrome.driver as C:\Users\Honey\.m2\repository\webdriver\chromedriver\win32\84.0.4147.30\chromedriver.exe
Jul 24, 2020 6:13:51 PM com.droom.automation.lib.WebDriverFactory getChromeDriver
INFO: SET THE DOWNLOAD DIRECTORY
Jul 24, 2020 6:13:51 PM com.droom.automation.lib.WebDriverFactory getChromeDriver
INFO: SET THE BROWSER CAPABILITIES
Jul 24, 2020 6:13:51 PM com.droom.automation.lib.WebDriverFactory getChromeDriver
INFO: Instantiating a Driver to Chrome
Starting ChromeDriver 83.0.4103.39 (ccbf011cb2d2b19b506d844400483861342c20cd-refs/branch-heads/4103@{#416}) on port 45313
Only local connections are allowed.
Please see https://chromedriver.chromium.org/security-considerations for suggestions on keeping ChromeDriver safe.
ChromeDriver was started successfully.
[1595594632.976][WARNING]: This version of ChromeDriver has not been tested with Chrome version 84.
Jul 24, 2020 6:13:55 PM org.openqa.selenium.remote.ProtocolHandshake createSession
INFO: Detected dialect: W3C
Jul 24, 2020 6:13:57 PM com.droom.automation.lib.WebDriverFactory getWebDriverInstance
INFO: configure remote driver with machine ip-address
Jul 24, 2020 6:13:57 PM com.droom.automation.lib.WebDriverFactory startDriver
INFO: Info : ...... Start opening application in browser .....
]]></system-err>
  </testcase>
  <testcase name="inValidPasswordloginAsIndividualUserViaPassword" classname="com.droom.automation.UserLoginTest" time="21.287">
    <system-out><![CDATA[Info : Page load completed Successfully ..
Incorrect Email or Password is displaying hence verified
]]></system-out>
    <system-err><![CDATA[Jul 24, 2020 6:14:24 PM com.droom.automation.lib.AbstractBaseTest afterMethod
INFO: IN AFTER METHOD ======>
Jul 24, 2020 6:14:24 PM com.droom.automation.lib.AbstractBaseTest afterMethod
INFO: QUIT DRIVER
Jul 24, 2020 6:14:24 PM com.droom.automation.lib.WebDriverFactory closeDriver
INFO: Closing browser and application ...
Jul 24, 2020 6:14:25 PM com.droom.automation.lib.WebDriverFactory closeDriver
INFO: WEBDRIVER SET TO NULL
Jul 24, 2020 6:14:25 PM com.droom.automation.lib.AbstractBaseTest init
INFO: IN BEFORE METHOD ======>
Jul 24, 2020 6:14:25 PM io.github.bonigarcia.wdm.WebDriverManager detectDriverVersionFromBrowser
INFO: Using chromedriver 84.0.4147.30 (since Google Chrome 84 is installed in your machine)
Jul 24, 2020 6:14:25 PM io.github.bonigarcia.wdm.WebDriverManager exportDriver
INFO: Exporting webdriver.chrome.driver as C:\Users\Honey\.m2\repository\webdriver\chromedriver\win32\84.0.4147.30\chromedriver.exe
Jul 24, 2020 6:14:25 PM com.droom.automation.lib.WebDriverFactory getChromeDriver
INFO: SET THE DOWNLOAD DIRECTORY
Jul 24, 2020 6:14:25 PM com.droom.automation.lib.WebDriverFactory getChromeDriver
INFO: SET THE BROWSER CAPABILITIES
Jul 24, 2020 6:14:25 PM com.droom.automation.lib.WebDriverFactory getChromeDriver
INFO: Instantiating a Driver to Chrome
Starting ChromeDriver 83.0.4103.39 (ccbf011cb2d2b19b506d844400483861342c20cd-refs/branch-heads/4103@{#416}) on port 5157
Only local connections are allowed.
Please see https://chromedriver.chromium.org/security-considerations for suggestions on keeping ChromeDriver safe.
ChromeDriver was started successfully.
[1595594666.561][WARNING]: This version of ChromeDriver has not been tested with Chrome version 84.
Jul 24, 2020 6:14:28 PM org.openqa.selenium.remote.ProtocolHandshake createSession
INFO: Detected dialect: W3C
Jul 24, 2020 6:14:30 PM com.droom.automation.lib.WebDriverFactory getWebDriverInstance
INFO: configure remote driver with machine ip-address
Jul 24, 2020 6:14:30 PM com.droom.automation.lib.WebDriverFactory startDriver
INFO: Info : ...... Start opening application in browser .....
]]></system-err>
  </testcase>
  <testcase name="loginAsIndividualUserViaOTP" classname="com.droom.automation.UserLoginTest" time="42.662">
    <system-out><![CDATA[Info : Page load completed Successfully ..
connected
7268
7268
7268
My Account is displaying hence verified
]]></system-out>
    <system-err><![CDATA[Jul 24, 2020 6:15:29 PM com.droom.automation.lib.AbstractBaseTest afterMethod
INFO: IN AFTER METHOD ======>
Jul 24, 2020 6:15:29 PM com.droom.automation.lib.AbstractBaseTest afterMethod
INFO: QUIT DRIVER
Jul 24, 2020 6:15:29 PM com.droom.automation.lib.WebDriverFactory closeDriver
INFO: Closing browser and application ...
Jul 24, 2020 6:15:30 PM com.droom.automation.lib.WebDriverFactory closeDriver
INFO: WEBDRIVER SET TO NULL
Jul 24, 2020 6:15:30 PM com.droom.automation.lib.AbstractBaseTest init
INFO: IN BEFORE METHOD ======>
Jul 24, 2020 6:15:30 PM io.github.bonigarcia.wdm.WebDriverManager detectDriverVersionFromBrowser
INFO: Using chromedriver 84.0.4147.30 (since Google Chrome 84 is installed in your machine)
Jul 24, 2020 6:15:30 PM io.github.bonigarcia.wdm.WebDriverManager exportDriver
INFO: Exporting webdriver.chrome.driver as C:\Users\Honey\.m2\repository\webdriver\chromedriver\win32\84.0.4147.30\chromedriver.exe
Jul 24, 2020 6:15:30 PM com.droom.automation.lib.WebDriverFactory getChromeDriver
INFO: SET THE DOWNLOAD DIRECTORY
Jul 24, 2020 6:15:30 PM com.droom.automation.lib.WebDriverFactory getChromeDriver
INFO: SET THE BROWSER CAPABILITIES
Jul 24, 2020 6:15:30 PM com.droom.automation.lib.WebDriverFactory getChromeDriver
INFO: Instantiating a Driver to Chrome
Starting ChromeDriver 83.0.4103.39 (ccbf011cb2d2b19b506d844400483861342c20cd-refs/branch-heads/4103@{#416}) on port 48280
Only local connections are allowed.
Please see https://chromedriver.chromium.org/security-considerations for suggestions on keeping ChromeDriver safe.
ChromeDriver was started successfully.
[1595594731.836][WARNING]: This version of ChromeDriver has not been tested with Chrome version 84.
Jul 24, 2020 6:15:33 PM org.openqa.selenium.remote.ProtocolHandshake createSession
INFO: Detected dialect: W3C
Jul 24, 2020 6:15:35 PM com.droom.automation.lib.WebDriverFactory getWebDriverInstance
INFO: configure remote driver with machine ip-address
Jul 24, 2020 6:15:35 PM com.droom.automation.lib.WebDriverFactory startDriver
INFO: Info : ...... Start opening application in browser .....
Loading class `com.mysql.jdbc.Driver'. This is deprecated. The new driver class is `com.mysql.cj.jdbc.Driver'. The driver is automatically registered via the SPI and manual loading of the driver class is generally unnecessary.
]]></system-err>
  </testcase>
  <testcase name="inValidOTPloginAsIndividualUserViaOTP" classname="com.droom.automation.UserLoginTest" time="20.702">
    <system-out><![CDATA[Info : Page load completed Successfully ..
Invalid OTP code. is displaying hence verified
]]></system-out>
    <system-err><![CDATA[Jul 24, 2020 6:16:37 PM com.droom.automation.lib.AbstractBaseTest afterMethod
INFO: IN AFTER METHOD ======>
Jul 24, 2020 6:16:37 PM com.droom.automation.lib.AbstractBaseTest afterMethod
INFO: QUIT DRIVER
Jul 24, 2020 6:16:37 PM com.droom.automation.lib.WebDriverFactory closeDriver
INFO: Closing browser and application ...
Jul 24, 2020 6:16:38 PM com.droom.automation.lib.WebDriverFactory closeDriver
INFO: WEBDRIVER SET TO NULL
Jul 24, 2020 6:16:38 PM com.droom.automation.lib.AbstractBaseTest init
INFO: IN BEFORE METHOD ======>
Jul 24, 2020 6:16:38 PM io.github.bonigarcia.wdm.WebDriverManager detectDriverVersionFromBrowser
INFO: Using chromedriver 84.0.4147.30 (since Google Chrome 84 is installed in your machine)
Jul 24, 2020 6:16:38 PM io.github.bonigarcia.wdm.WebDriverManager exportDriver
INFO: Exporting webdriver.chrome.driver as C:\Users\Honey\.m2\repository\webdriver\chromedriver\win32\84.0.4147.30\chromedriver.exe
Jul 24, 2020 6:16:38 PM com.droom.automation.lib.WebDriverFactory getChromeDriver
INFO: SET THE DOWNLOAD DIRECTORY
Jul 24, 2020 6:16:38 PM com.droom.automation.lib.WebDriverFactory getChromeDriver
INFO: SET THE BROWSER CAPABILITIES
Jul 24, 2020 6:16:38 PM com.droom.automation.lib.WebDriverFactory getChromeDriver
INFO: Instantiating a Driver to Chrome
Starting ChromeDriver 83.0.4103.39 (ccbf011cb2d2b19b506d844400483861342c20cd-refs/branch-heads/4103@{#416}) on port 26215
Only local connections are allowed.
Please see https://chromedriver.chromium.org/security-considerations for suggestions on keeping ChromeDriver safe.
ChromeDriver was started successfully.
[1595594800.053][WARNING]: This version of ChromeDriver has not been tested with Chrome version 84.
Jul 24, 2020 6:16:42 PM org.openqa.selenium.remote.ProtocolHandshake createSession
INFO: Detected dialect: W3C
Jul 24, 2020 6:16:44 PM com.droom.automation.lib.WebDriverFactory getWebDriverInstance
INFO: configure remote driver with machine ip-address
Jul 24, 2020 6:16:44 PM com.droom.automation.lib.WebDriverFactory startDriver
INFO: Info : ...... Start opening application in browser .....
]]></system-err>
  </testcase>
  <testcase name="loginAsProSellerViaPassword" classname="com.droom.automation.UserLoginTest" time="17.828">
    <system-out><![CDATA[Info : Page load completed Successfully ..
Register As a Pro-Seller is displaying hence verified
]]></system-out>
    <system-err><![CDATA[Jul 24, 2020 6:17:17 PM com.droom.automation.lib.AbstractBaseTest afterMethod
INFO: IN AFTER METHOD ======>
Jul 24, 2020 6:17:17 PM com.droom.automation.lib.AbstractBaseTest afterMethod
INFO: QUIT DRIVER
Jul 24, 2020 6:17:17 PM com.droom.automation.lib.WebDriverFactory closeDriver
INFO: Closing browser and application ...
Jul 24, 2020 6:17:18 PM com.droom.automation.lib.WebDriverFactory closeDriver
INFO: WEBDRIVER SET TO NULL
Jul 24, 2020 6:17:18 PM com.droom.automation.lib.AbstractBaseTest init
INFO: IN BEFORE METHOD ======>
Jul 24, 2020 6:17:18 PM io.github.bonigarcia.wdm.WebDriverManager detectDriverVersionFromBrowser
INFO: Using chromedriver 84.0.4147.30 (since Google Chrome 84 is installed in your machine)
Jul 24, 2020 6:17:18 PM io.github.bonigarcia.wdm.WebDriverManager exportDriver
INFO: Exporting webdriver.chrome.driver as C:\Users\Honey\.m2\repository\webdriver\chromedriver\win32\84.0.4147.30\chromedriver.exe
Jul 24, 2020 6:17:18 PM com.droom.automation.lib.WebDriverFactory getChromeDriver
INFO: SET THE DOWNLOAD DIRECTORY
Jul 24, 2020 6:17:18 PM com.droom.automation.lib.WebDriverFactory getChromeDriver
INFO: SET THE BROWSER CAPABILITIES
Jul 24, 2020 6:17:18 PM com.droom.automation.lib.WebDriverFactory getChromeDriver
INFO: Instantiating a Driver to Chrome
Starting ChromeDriver 83.0.4103.39 (ccbf011cb2d2b19b506d844400483861342c20cd-refs/branch-heads/4103@{#416}) on port 28602
Only local connections are allowed.
Please see https://chromedriver.chromium.org/security-considerations for suggestions on keeping ChromeDriver safe.
ChromeDriver was started successfully.
[1595594839.992][WARNING]: This version of ChromeDriver has not been tested with Chrome version 84.
Jul 24, 2020 6:17:22 PM org.openqa.selenium.remote.ProtocolHandshake createSession
INFO: Detected dialect: W3C
Jul 24, 2020 6:17:24 PM com.droom.automation.lib.WebDriverFactory getWebDriverInstance
INFO: configure remote driver with machine ip-address
Jul 24, 2020 6:17:24 PM com.droom.automation.lib.WebDriverFactory startDriver
INFO: Info : ...... Start opening application in browser .....
]]></system-err>
  </testcase>
  <testcase name="inValidLoginIDAsProSellerViaPassword" classname="com.droom.automation.UserLoginTest" time="18.29">
    <system-out><![CDATA[Info : Page load completed Successfully ..
Incorrect Email or Password is displaying hence verified
]]></system-out>
    <system-err><![CDATA[Jul 24, 2020 6:17:57 PM com.droom.automation.lib.AbstractBaseTest afterMethod
INFO: IN AFTER METHOD ======>
Jul 24, 2020 6:17:57 PM com.droom.automation.lib.AbstractBaseTest afterMethod
INFO: QUIT DRIVER
Jul 24, 2020 6:17:57 PM com.droom.automation.lib.WebDriverFactory closeDriver
INFO: Closing browser and application ...
Jul 24, 2020 6:17:58 PM com.droom.automation.lib.WebDriverFactory closeDriver
INFO: WEBDRIVER SET TO NULL
Jul 24, 2020 6:17:58 PM com.droom.automation.lib.AbstractBaseTest init
INFO: IN BEFORE METHOD ======>
Jul 24, 2020 6:17:58 PM io.github.bonigarcia.wdm.WebDriverManager detectDriverVersionFromBrowser
INFO: Using chromedriver 84.0.4147.30 (since Google Chrome 84 is installed in your machine)
Jul 24, 2020 6:17:58 PM io.github.bonigarcia.wdm.WebDriverManager exportDriver
INFO: Exporting webdriver.chrome.driver as C:\Users\Honey\.m2\repository\webdriver\chromedriver\win32\84.0.4147.30\chromedriver.exe
Jul 24, 2020 6:17:58 PM com.droom.automation.lib.WebDriverFactory getChromeDriver
INFO: SET THE DOWNLOAD DIRECTORY
Jul 24, 2020 6:17:58 PM com.droom.automation.lib.WebDriverFactory getChromeDriver
INFO: SET THE BROWSER CAPABILITIES
Jul 24, 2020 6:17:58 PM com.droom.automation.lib.WebDriverFactory getChromeDriver
INFO: Instantiating a Driver to Chrome
Starting ChromeDriver 83.0.4103.39 (ccbf011cb2d2b19b506d844400483861342c20cd-refs/branch-heads/4103@{#416}) on port 15348
Only local connections are allowed.
Please see https://chromedriver.chromium.org/security-considerations for suggestions on keeping ChromeDriver safe.
ChromeDriver was started successfully.
[1595594879.695][WARNING]: This version of ChromeDriver has not been tested with Chrome version 84.
Jul 24, 2020 6:18:01 PM org.openqa.selenium.remote.ProtocolHandshake createSession
INFO: Detected dialect: W3C
Jul 24, 2020 6:18:03 PM com.droom.automation.lib.WebDriverFactory getWebDriverInstance
INFO: configure remote driver with machine ip-address
Jul 24, 2020 6:18:03 PM com.droom.automation.lib.WebDriverFactory startDriver
INFO: Info : ...... Start opening application in browser .....
]]></system-err>
  </testcase>
  <testcase name="inValidLoginPasswordAsProSellerViaPassword" classname="com.droom.automation.UserLoginTest" time="10.673">
    <system-out><![CDATA[Info : Page load completed Successfully ..
Incorrect Email or Password is displaying hence verified
]]></system-out>
    <system-err><![CDATA[Jul 24, 2020 6:18:40 PM com.droom.automation.lib.AbstractBaseTest afterMethod
INFO: IN AFTER METHOD ======>
Jul 24, 2020 6:18:40 PM com.droom.automation.lib.AbstractBaseTest afterMethod
INFO: QUIT DRIVER
Jul 24, 2020 6:18:40 PM com.droom.automation.lib.WebDriverFactory closeDriver
INFO: Closing browser and application ...
Jul 24, 2020 6:18:41 PM com.droom.automation.lib.WebDriverFactory closeDriver
INFO: WEBDRIVER SET TO NULL
Jul 24, 2020 6:18:41 PM com.droom.automation.lib.AbstractBaseTest init
INFO: IN BEFORE METHOD ======>
Jul 24, 2020 6:18:41 PM io.github.bonigarcia.wdm.WebDriverManager detectDriverVersionFromBrowser
INFO: Using chromedriver 84.0.4147.30 (since Google Chrome 84 is installed in your machine)
Jul 24, 2020 6:18:41 PM io.github.bonigarcia.wdm.WebDriverManager exportDriver
INFO: Exporting webdriver.chrome.driver as C:\Users\Honey\.m2\repository\webdriver\chromedriver\win32\84.0.4147.30\chromedriver.exe
Jul 24, 2020 6:18:41 PM com.droom.automation.lib.WebDriverFactory getChromeDriver
INFO: SET THE DOWNLOAD DIRECTORY
Jul 24, 2020 6:18:41 PM com.droom.automation.lib.WebDriverFactory getChromeDriver
INFO: SET THE BROWSER CAPABILITIES
Jul 24, 2020 6:18:41 PM com.droom.automation.lib.WebDriverFactory getChromeDriver
INFO: Instantiating a Driver to Chrome
Starting ChromeDriver 83.0.4103.39 (ccbf011cb2d2b19b506d844400483861342c20cd-refs/branch-heads/4103@{#416}) on port 36966
Only local connections are allowed.
Please see https://chromedriver.chromium.org/security-considerations for suggestions on keeping ChromeDriver safe.
ChromeDriver was started successfully.
[1595594923.037][WARNING]: This version of ChromeDriver has not been tested with Chrome version 84.
Jul 24, 2020 6:18:45 PM org.openqa.selenium.remote.ProtocolHandshake createSession
INFO: Detected dialect: W3C
Jul 24, 2020 6:18:47 PM com.droom.automation.lib.WebDriverFactory getWebDriverInstance
INFO: configure remote driver with machine ip-address
Jul 24, 2020 6:18:47 PM com.droom.automation.lib.WebDriverFactory startDriver
INFO: Info : ...... Start opening application in browser .....
]]></system-err>
  </testcase>
  <testcase name="loginAsProSellerViaOTP" classname="com.droom.automation.UserLoginTest" time="24.873">
    <system-out><![CDATA[Info : Page load completed Successfully ..
connected
5435
5435
5435
Register As a Pro-Seller is displaying hence verified
]]></system-out>
    <system-err><![CDATA[Jul 24, 2020 6:19:11 PM com.droom.automation.lib.AbstractBaseTest afterMethod
INFO: IN AFTER METHOD ======>
Jul 24, 2020 6:19:11 PM com.droom.automation.lib.AbstractBaseTest afterMethod
INFO: QUIT DRIVER
Jul 24, 2020 6:19:11 PM com.droom.automation.lib.WebDriverFactory closeDriver
INFO: Closing browser and application ...
Jul 24, 2020 6:19:12 PM com.droom.automation.lib.WebDriverFactory closeDriver
INFO: WEBDRIVER SET TO NULL
Jul 24, 2020 6:19:12 PM com.droom.automation.lib.AbstractBaseTest init
INFO: IN BEFORE METHOD ======>
Jul 24, 2020 6:19:12 PM io.github.bonigarcia.wdm.WebDriverManager detectDriverVersionFromBrowser
INFO: Using chromedriver 84.0.4147.30 (since Google Chrome 84 is installed in your machine)
Jul 24, 2020 6:19:12 PM io.github.bonigarcia.wdm.WebDriverManager exportDriver
INFO: Exporting webdriver.chrome.driver as C:\Users\Honey\.m2\repository\webdriver\chromedriver\win32\84.0.4147.30\chromedriver.exe
Jul 24, 2020 6:19:12 PM com.droom.automation.lib.WebDriverFactory getChromeDriver
INFO: SET THE DOWNLOAD DIRECTORY
Jul 24, 2020 6:19:12 PM com.droom.automation.lib.WebDriverFactory getChromeDriver
INFO: SET THE BROWSER CAPABILITIES
Jul 24, 2020 6:19:12 PM com.droom.automation.lib.WebDriverFactory getChromeDriver
INFO: Instantiating a Driver to Chrome
Starting ChromeDriver 83.0.4103.39 (ccbf011cb2d2b19b506d844400483861342c20cd-refs/branch-heads/4103@{#416}) on port 22530
Only local connections are allowed.
Please see https://chromedriver.chromium.org/security-considerations for suggestions on keeping ChromeDriver safe.
ChromeDriver was started successfully.
[1595594953.394][WARNING]: This version of ChromeDriver has not been tested with Chrome version 84.
Jul 24, 2020 6:19:15 PM org.openqa.selenium.remote.ProtocolHandshake createSession
INFO: Detected dialect: W3C
Jul 24, 2020 6:19:17 PM com.droom.automation.lib.WebDriverFactory getWebDriverInstance
INFO: configure remote driver with machine ip-address
Jul 24, 2020 6:19:17 PM com.droom.automation.lib.WebDriverFactory startDriver
INFO: Info : ...... Start opening application in browser .....
]]></system-err>
  </testcase>
  <testcase name="inValidOTPloginAsProSellerViaOTP" classname="com.droom.automation.UserLoginTest" time="17.379">
    <system-out><![CDATA[Info : Page load completed Successfully ..
Invalid OTP code. is displaying hence verified
]]></system-out>
    <system-err><![CDATA[Jul 24, 2020 6:19:58 PM com.droom.automation.lib.AbstractBaseTest afterMethod
INFO: IN AFTER METHOD ======>
Jul 24, 2020 6:19:58 PM com.droom.automation.lib.AbstractBaseTest afterMethod
INFO: QUIT DRIVER
Jul 24, 2020 6:19:58 PM com.droom.automation.lib.WebDriverFactory closeDriver
INFO: Closing browser and application ...
Jul 24, 2020 6:19:59 PM com.droom.automation.lib.WebDriverFactory closeDriver
INFO: WEBDRIVER SET TO NULL
Jul 24, 2020 6:19:59 PM com.droom.automation.lib.AbstractBaseTest init
INFO: IN BEFORE METHOD ======>
Jul 24, 2020 6:20:00 PM io.github.bonigarcia.wdm.WebDriverManager detectDriverVersionFromBrowser
INFO: Using chromedriver 84.0.4147.30 (since Google Chrome 84 is installed in your machine)
Jul 24, 2020 6:20:00 PM io.github.bonigarcia.wdm.WebDriverManager exportDriver
INFO: Exporting webdriver.chrome.driver as C:\Users\Honey\.m2\repository\webdriver\chromedriver\win32\84.0.4147.30\chromedriver.exe
Jul 24, 2020 6:20:00 PM com.droom.automation.lib.WebDriverFactory getChromeDriver
INFO: SET THE DOWNLOAD DIRECTORY
Jul 24, 2020 6:20:00 PM com.droom.automation.lib.WebDriverFactory getChromeDriver
INFO: SET THE BROWSER CAPABILITIES
Jul 24, 2020 6:20:00 PM com.droom.automation.lib.WebDriverFactory getChromeDriver
INFO: Instantiating a Driver to Chrome
Starting ChromeDriver 83.0.4103.39 (ccbf011cb2d2b19b506d844400483861342c20cd-refs/branch-heads/4103@{#416}) on port 38244
Only local connections are allowed.
Please see https://chromedriver.chromium.org/security-considerations for suggestions on keeping ChromeDriver safe.
ChromeDriver was started successfully.
[1595595001.188][WARNING]: This version of ChromeDriver has not been tested with Chrome version 84.
Jul 24, 2020 6:20:03 PM org.openqa.selenium.remote.ProtocolHandshake createSession
INFO: Detected dialect: W3C
Jul 24, 2020 6:20:05 PM com.droom.automation.lib.WebDriverFactory getWebDriverInstance
INFO: configure remote driver with machine ip-address
Jul 24, 2020 6:20:05 PM com.droom.automation.lib.WebDriverFactory startDriver
INFO: Info : ...... Start opening application in browser .....
]]></system-err>
  </testcase>
</testsuite>