<?xml version="1.0" encoding="UTF-8"?>
<testsuite xmlns:xsi="http://www.w3.org/2001/XMLSchema-instance" xsi:noNamespaceSchemaLocation="https://maven.apache.org/surefire/maven-surefire-plugin/xsd/surefire-test-report-3.0.xsd" version="3.0" name="TestSuite" time="367.738" tests="2" errors="0" skipped="0" failures="2">
  <properties>
[...]
</properties>
  <testcase name="serachForScooterValidationAsLoggedInUserAtCheckout" classname="com.droom.automation.SearchFeatureTest" time="148.916">
    <failure message="no such element: Unable to locate element: {&quot;method&quot;:&quot;xpath&quot;,&quot;selector&quot;:&quot;//strong[contains(text(),&apos;1,873&apos;)]&quot;}&#10;  (Session info: chrome=84.0.4147.89)&#10;For documentation on this error, please visit: https://www.seleniumhq.org/exceptions/no_such_element.html&#10;Build info: version: &apos;3.141.59&apos;, revision: &apos;e82be7d358&apos;, time: &apos;2018-11-14T08:17:03&apos;&#10;System info: host: &apos;LAPTOP-64JMFN9V&apos;, ip: &apos;172.17.17.11&apos;, os.name: &apos;Windows 10&apos;, os.arch: &apos;amd64&apos;, os.version: &apos;10.0&apos;, java.version: &apos;1.8.0_181&apos;&#10;Driver info: org.openqa.selenium.chrome.ChromeDriver&#10;Capabilities {acceptInsecureCerts: false, browserName: chrome, browserVersion: 84.0.4147.89, chrome: {chromedriverVersion: 83.0.4103.39 (ccbf011cb2d2b..., userDataDir: C:\Users\Honey\AppData\Loca...}, goog:chromeOptions: {debuggerAddress: localhost:49935}, javascriptEnabled: true, networkConnectionEnabled: false, pageLoadStrategy: normal, platform: WINDOWS, platformName: WINDOWS, proxy: Proxy(), setWindowRect: true, strictFileInteractability: false, timeouts: {implicit: 0, pageLoad: 300000, script: 30000}, unhandledPromptBehavior: dismiss and notify, webauthn:virtualAuthenticators: true}&#10;Session ID: 340b6f6627095137cc00e297047a9d5d&#10;*** Element info: {Using=xpath, value=//strong[contains(text(),&apos;1,873&apos;)]}" type="org.openqa.selenium.NoSuchElementException"><![CDATA[org.openqa.selenium.NoSuchElementException: 
no such element: Unable to locate element: {"method":"xpath","selector":"//strong[contains(text(),'1,873')]"}
  (Session info: chrome=84.0.4147.89)
For documentation on this error, please visit: https://www.seleniumhq.org/exceptions/no_such_element.html
Build info: version: '3.141.59', revision: 'e82be7d358', time: '2018-11-14T08:17:03'
System info: host: 'LAPTOP-64JMFN9V', ip: '172.17.17.11', os.name: 'Windows 10', os.arch: 'amd64', os.version: '10.0', java.version: '1.8.0_181'
Driver info: org.openqa.selenium.chrome.ChromeDriver
Capabilities {acceptInsecureCerts: false, browserName: chrome, browserVersion: 84.0.4147.89, chrome: {chromedriverVersion: 83.0.4103.39 (ccbf011cb2d2b..., userDataDir: C:\Users\Honey\AppData\Loca...}, goog:chromeOptions: {debuggerAddress: localhost:49935}, javascriptEnabled: true, networkConnectionEnabled: false, pageLoadStrategy: normal, platform: WINDOWS, platformName: WINDOWS, proxy: Proxy(), setWindowRect: true, strictFileInteractability: false, timeouts: {implicit: 0, pageLoad: 300000, script: 30000}, unhandledPromptBehavior: dismiss and notify, webauthn:virtualAuthenticators: true}
Session ID: 340b6f6627095137cc00e297047a9d5d
*** Element info: {Using=xpath, value=//strong[contains(text(),'1,873')]}
	at com.droom.automation.SearchFeatureTest.serachForScooterValidationAsLoggedInUserAtCheckout(SearchFeatureTest.java:49)
]]></failure>
    <system-out><![CDATA[Info : Page load completed Successfully ..
main_search is displaying hence verified
Hero Splendor Plus Self Alloy 100cc 2019 is displaying hence verified
Info : Page load completed Successfully ..
Info : Page load completed Successfully ..
Info : Page load completed Successfully ..
]]></system-out>
    <system-err><![CDATA[Jul 28, 2020 11:19:57 PM com.droom.automation.lib.AbstractBaseTest beforeSuite
INFO: IN BEFORE SUITE ======>
Jul 28, 2020 11:19:57 PM com.droom.automation.lib.AbstractBaseTest beforeTest
INFO: IN BEFORE TEST ======>
Jul 28, 2020 11:19:57 PM com.droom.automation.lib.AbstractBaseTest beforeTest
INFO: -------------- Before Test -----------------
Jul 28, 2020 11:19:57 PM com.droom.automation.lib.AbstractBaseTest init
INFO: IN BEFORE METHOD ======>
Jul 28, 2020 11:19:57 PM java.util.prefs.WindowsPreferences <init>
WARNING: Could not open/create prefs root node Software\JavaSoft\Prefs at root 0x80000002. Windows RegCreateKeyEx(...) returned error code 5.
Jul 28, 2020 11:19:58 PM io.github.bonigarcia.wdm.WebDriverManager detectDriverVersionFromBrowser
INFO: Using chromedriver 84.0.4147.30 (since Google Chrome 84 is installed in your machine)
Jul 28, 2020 11:19:58 PM io.github.bonigarcia.wdm.WebDriverManager exportDriver
INFO: Exporting webdriver.chrome.driver as C:\Users\Honey\.m2\repository\webdriver\chromedriver\win32\84.0.4147.30\chromedriver.exe
Jul 28, 2020 11:19:58 PM com.droom.automation.lib.WebDriverFactory getChromeDriver
INFO: SET THE DOWNLOAD DIRECTORY
Jul 28, 2020 11:19:58 PM com.droom.automation.lib.WebDriverFactory getChromeDriver
INFO: SET THE BROWSER CAPABILITIES
Jul 28, 2020 11:19:58 PM com.droom.automation.lib.WebDriverFactory getChromeDriver
INFO: Instantiating a Driver to Chrome
Starting ChromeDriver 83.0.4103.39 (ccbf011cb2d2b19b506d844400483861342c20cd-refs/branch-heads/4103@{#416}) on port 31039
Only local connections are allowed.
Please see https://chromedriver.chromium.org/security-considerations for suggestions on keeping ChromeDriver safe.
ChromeDriver was started successfully.
[1595958599.614][WARNING]: This version of ChromeDriver has not been tested with Chrome version 84.
Jul 28, 2020 11:20:01 PM org.openqa.selenium.remote.ProtocolHandshake createSession
INFO: Detected dialect: W3C
Jul 28, 2020 11:20:03 PM com.droom.automation.lib.WebDriverFactory getWebDriverInstance
INFO: configure remote driver with machine ip-address
Jul 28, 2020 11:20:03 PM com.droom.automation.lib.WebDriverFactory startDriver
INFO: Info : ...... Start opening application in browser .....
]]></system-err>
  </testcase>
  <testcase name="serachForVehicleValidation" classname="com.droom.automation.SearchFeatureTest" time="81.385">
    <failure message="Expected condition failed: waiting for presence of element located by: By.xpath: //img[@alt=&apos;Honda CB Hornet 160R  ABS DLX 2020&apos;] (tried for 60 second(s) with 500 milliseconds interval)" type="org.openqa.selenium.TimeoutException"><![CDATA[org.openqa.selenium.TimeoutException: Expected condition failed: waiting for presence of element located by: By.xpath: //img[@alt='Honda CB Hornet 160R  ABS DLX 2020'] (tried for 60 second(s) with 500 milliseconds interval)
	at com.droom.automation.SearchFeatureTest.serachForVehicleValidation(SearchFeatureTest.java:57)
Caused by: org.openqa.selenium.NoSuchElementException: 
no such element: Unable to locate element: {"method":"xpath","selector":"//img[@alt='Honda CB Hornet 160R  ABS DLX 2020']"}
  (Session info: chrome=84.0.4147.89)
For documentation on this error, please visit: https://www.seleniumhq.org/exceptions/no_such_element.html
Build info: version: '3.141.59', revision: 'e82be7d358', time: '2018-11-14T08:17:03'
System info: host: 'LAPTOP-64JMFN9V', ip: '172.17.17.11', os.name: 'Windows 10', os.arch: 'amd64', os.version: '10.0', java.version: '1.8.0_181'
Driver info: org.openqa.selenium.chrome.ChromeDriver
Capabilities {acceptInsecureCerts: false, browserName: chrome, browserVersion: 84.0.4147.89, chrome: {chromedriverVersion: 83.0.4103.39 (ccbf011cb2d2b..., userDataDir: C:\Users\Honey\AppData\Loca...}, goog:chromeOptions: {debuggerAddress: localhost:50861}, javascriptEnabled: true, networkConnectionEnabled: false, pageLoadStrategy: normal, platform: WINDOWS, platformName: WINDOWS, proxy: Proxy(), setWindowRect: true, strictFileInteractability: false, timeouts: {implicit: 0, pageLoad: 300000, script: 30000}, unhandledPromptBehavior: dismiss and notify, webauthn:virtualAuthenticators: true}
Session ID: b05a9efe37f3033afd906464e23200e0
*** Element info: {Using=xpath, value=//img[@alt='Honda CB Hornet 160R  ABS DLX 2020']}
	at com.droom.automation.SearchFeatureTest.serachForVehicleValidation(SearchFeatureTest.java:57)
]]></failure>
    <system-out><![CDATA[Info : Page load completed Successfully ..
main_search is displaying hence verified
Hero Splendor Plus Self Alloy 100cc 2019 is displaying hence verified
Info : Page load completed Successfully ..
]]></system-out>
    <system-err><![CDATA[Jul 28, 2020 11:23:51 PM com.droom.automation.lib.AbstractBaseTest afterMethod
INFO: IN AFTER METHOD ======>
Jul 28, 2020 11:23:51 PM com.droom.automation.lib.AbstractBaseTest afterMethod
INFO: QUIT DRIVER
Jul 28, 2020 11:23:51 PM com.droom.automation.lib.WebDriverFactory closeDriver
INFO: Closing browser and application ...
Jul 28, 2020 11:23:51 PM com.droom.automation.lib.WebDriverFactory closeDriver
INFO: WEBDRIVER SET TO NULL
Jul 28, 2020 11:23:51 PM com.droom.automation.lib.AbstractBaseTest init
INFO: IN BEFORE METHOD ======>
Jul 28, 2020 11:23:52 PM io.github.bonigarcia.wdm.WebDriverManager detectDriverVersionFromBrowser
INFO: Using chromedriver 84.0.4147.30 (since Google Chrome 84 is installed in your machine)
Jul 28, 2020 11:23:52 PM io.github.bonigarcia.wdm.WebDriverManager exportDriver
INFO: Exporting webdriver.chrome.driver as C:\Users\Honey\.m2\repository\webdriver\chromedriver\win32\84.0.4147.30\chromedriver.exe
Jul 28, 2020 11:23:52 PM com.droom.automation.lib.WebDriverFactory getChromeDriver
INFO: SET THE DOWNLOAD DIRECTORY
Jul 28, 2020 11:23:52 PM com.droom.automation.lib.WebDriverFactory getChromeDriver
INFO: SET THE BROWSER CAPABILITIES
Jul 28, 2020 11:23:52 PM com.droom.automation.lib.WebDriverFactory getChromeDriver
INFO: Instantiating a Driver to Chrome
Starting ChromeDriver 83.0.4103.39 (ccbf011cb2d2b19b506d844400483861342c20cd-refs/branch-heads/4103@{#416}) on port 45983
Only local connections are allowed.
Please see https://chromedriver.chromium.org/security-considerations for suggestions on keeping ChromeDriver safe.
ChromeDriver was started successfully.
[1595958833.125][WARNING]: This version of ChromeDriver has not been tested with Chrome version 84.
Jul 28, 2020 11:23:55 PM org.openqa.selenium.remote.ProtocolHandshake createSession
INFO: Detected dialect: W3C
Jul 28, 2020 11:23:57 PM com.droom.automation.lib.WebDriverFactory getWebDriverInstance
INFO: configure remote driver with machine ip-address
Jul 28, 2020 11:23:57 PM com.droom.automation.lib.WebDriverFactory startDriver
INFO: Info : ...... Start opening application in browser .....
]]></system-err>
  </testcase>
</testsuite>